<?xml version="1.0" encoding="utf-8"?>
<TestRun id="73e33402-0c7e-44d9-b61b-2635955ccecc" name="hanva@DESKTOP-HVR 2026-07-16 16:27:35" runUser="DESKTOP-HVR\hanva" xmlns="http://microsoft.com/schemas/VisualStudio/TeamTest/2010">
  <Times creation="2026-07-16T16:27:35.0420070+02:00" queuing="2026-07-16T16:27:35.0420072+02:00" start="2026-07-16T16:27:32.7724209+02:00" finish="2026-07-16T16:27:39.9652432+02:00" />
  <TestSettings name="default" id="9e937c57-60e0-41ca-90cc-f71325c72804">
    <Deployment runDeploymentRoot="hanva_DESKTOP-HVR_2026-07-16_16_27_35" />
  </TestSettings>
  <Results>
    <UnitTestResult executionId="a388c71a-8d50-49f2-96d7-c76dd065b6fa" testId="12036977-fd25-eb9b-c831-5d98a539fd27" testName="EAxWiki.Tests.CleanupTests.MoveElement_OldPackageFolderRemainsIfNotEmpty" computerName="DESKTOP-HVR" duration="00:00:00.4486383" startTime="2026-07-16T16:27:39.4236916+02:00" endTime="2026-07-16T16:27:39.8726158+02:00" testType="13cdc9d9-ddb5-4fa4-a97d-d965ccfc6d4b" outcome="Passed" testListId="8c84fa94-04c1-424b-9868-57a2d4851a1d" relativeResultsDirectory="a388c71a-8d50-49f2-96d7-c76dd065b6fa" />
    <UnitTestResult executionId="dc214511-d0c4-4235-9441-cc9193669465" testId="7a8ff754-5bea-2c1b-512c-2cc74eb4a89c" testName="EAxWiki.Tests.ElementPageWriterTests.ReferencedByTableRenderer_WithIncomingConnector" computerName="DESKTOP-HVR" duration="00:00:00.0006993" startTime="2026-07-16T16:27:35.3698421+02:00" endTime="2026-07-16T16:27:35.3703344+02:00" testType="13cdc9d9-ddb5-4fa4-a97d-d965ccfc6d4b" outcome="Passed" testListId="8c84fa94-04c1-424b-9868-57a2d4851a1d" relativeResultsDirectory="dc214511-d0c4-4235-9441-cc9193669465" />
    <UnitTestResult executionId="6c00a7c4-8396-4bb7-b30d-4e6102af4c6e" testId="aafe1517-5692-25eb-f987-8aeffe45b492" testName="EAxWiki.Tests.ConfigTests.Load_ApiFlag_SetsApiModeWithDefaultPort" computerName="DESKTOP-HVR" duration="00:00:00.0002673" startTime="2026-07-16T16:27:35.0011043+02:00" endTime="2026-07-16T16:27:35.0011868+02:00" testType="13cdc9d9-ddb5-4fa4-a97d-d965ccfc6d4b" outcome="Passed" testListId="8c84fa94-04c1-424b-9868-57a2d4851a1d" relativeResultsDirectory="6c00a7c4-8396-4bb7-b30d-4e6102af4c6e" />
    <UnitTestResult executionId="ecc4704f-e502-465e-91cb-492f188b5147" testId="39995f84-21ef-855b-da6e-fe7a8f09b58a" testName="EAxWiki.Tests.EaReaderTests.MapPackage_WithLogger_WarnsOnUnexpectedElementType" computerName="DESKTOP-HVR" duration="00:00:00.0048865" startTime="2026-07-16T16:27:36.2680867+02:00" endTime="2026-07-16T16:27:36.2709093+02:00" testType="13cdc9d9-ddb5-4fa4-a97d-d965ccfc6d4b" outcome="Passed" testListId="8c84fa94-04c1-424b-9868-57a2d4851a1d" relativeResultsDirectory="ecc4704f-e502-465e-91cb-492f188b5147" />
    <UnitTestResult executionId="d55cb175-a921-4473-9927-5163c4252e96" testId="3e4f3566-4300-11ce-28d5-020fe352eb3b" testName="EAxWiki.Tests.EaRepositoryTests.Redact_NullInput_ReturnsEmptyString" computerName="DESKTOP-HVR" duration="00:00:00.0001585" startTime="2026-07-16T16:27:34.9857009+02:00" endTime="2026-07-16T16:27:34.9858290+02:00" testType="13cdc9d9-ddb5-4fa4-a97d-d965ccfc6d4b" outcome="Passed" testListId="8c84fa94-04c1-424b-9868-57a2d4851a1d" relativeResultsDirectory="d55cb175-a921-4473-9927-5163c4252e96" />
    <UnitTestResult executionId="758bb8ad-cb0a-4a73-8f9a-9763eaa3d356" testId="2a19bb67-f3af-af17-78ae-573e307400f7" testName="EAxWiki.Tests.MarkdownHelpersTests.ParseStereotype_Empty_ReturnsUmlUncategorized" computerName="DESKTOP-HVR" duration="00:00:00.0001668" startTime="2026-07-16T16:27:35.1568862+02:00" endTime="2026-07-16T16:27:35.1569843+02:00" testType="13cdc9d9-ddb5-4fa4-a97d-d965ccfc6d4b" outcome="Passed" testListId="8c84fa94-04c1-424b-9868-57a2d4851a1d" relativeResultsDirectory="758bb8ad-cb0a-4a73-8f9a-9763eaa3d356" />
    <UnitTestResult executionId="e68d2059-6300-4a7d-bf73-e7f1c5577eeb" testId="d24e1b16-7620-a759-7db4-67b473cf1b02" testName="EAxWiki.Tests.PipelineResilienceTests.ExportResult_ForceMode_ReturnedCorrectly" computerName="DESKTOP-HVR" duration="00:00:00.0081312" startTime="2026-07-16T16:27:35.5374935+02:00" endTime="2026-07-16T16:27:35.5501277+02:00" testType="13cdc9d9-ddb5-4fa4-a97d-d965ccfc6d4b" outcome="Passed" testListId="8c84fa94-04c1-424b-9868-57a2d4851a1d" relativeResultsDirectory="e68d2059-6300-4a7d-bf73-e7f1c5577eeb" />
    <UnitTestResult executionId="83e64a5d-cb6e-4375-abbc-04943b0e816a" testId="cf3eacc3-aa0e-bf88-3fa5-d11bbd4fe806" testName="EAxWiki.Tests.CleanupTests.DeletePackage_FolderIsRemoved" computerName="DESKTOP-HVR" duration="00:00:00.4292962" startTime="2026-07-16T16:27:38.1712422+02:00" endTime="2026-07-16T16:27:38.6037803+02:00" testType="13cdc9d9-ddb5-4fa4-a97d-d965ccfc6d4b" outcome="Passed" testListId="8c84fa94-04c1-424b-9868-57a2d4851a1d" relativeResultsDirectory="83e64a5d-cb6e-4375-abbc-04943b0e816a" />
    <UnitTestResult executionId="963b948c-e93f-4099-b33e-27fec4d3726a" testId="ade6fa05-c9b6-8b80-3a9d-c2facb76b04f" testName="EAxWiki.Tests.PropertyBasedTests.GetStereotypeLabel_NeverReturnsNull" computerName="DESKTOP-HVR" duration="00:00:00.4027947" startTime="2026-07-16T16:27:35.6670133+02:00" endTime="2026-07-16T16:27:36.0505713+02:00" testType="13cdc9d9-ddb5-4fa4-a97d-d965ccfc6d4b" outcome="Passed" testListId="8c84fa94-04c1-424b-9868-57a2d4851a1d" relativeResultsDirectory="963b948c-e93f-4099-b33e-27fec4d3726a">
      <Output>
        <StdOut>Ok, passed 100 tests.</StdOut>
      </Output>
    </UnitTestResult>
    <UnitTestResult executionId="491d618f-d8ca-4995-8d5d-7212100c01c5" testId="683bcc1b-6e98-938c-bd51-6ff32719d604" testName="EAxWiki.Tests.PipelineResilienceTests.ExportAsync_ElementFailure_CountedInExportResult" computerName="DESKTOP-HVR" duration="00:00:00.0092588" startTime="2026-07-16T16:27:35.5099130+02:00" endTime="2026-07-16T16:27:35.5169785+02:00" testType="13cdc9d9-ddb5-4fa4-a97d-d965ccfc6d4b" outcome="Passed" testListId="8c84fa94-04c1-424b-9868-57a2d4851a1d" relativeResultsDirectory="491d618f-d8ca-4995-8d5d-7212100c01c5" />
    <UnitTestResult executionId="6127468c-bbe1-4116-8359-0336e5899809" testId="51bb695a-a4e7-2da6-c12f-6710a5f012d5" testName="EAxWiki.Tests.MarkdownHelpersTests.ParseStereotype_Whitespace_ReturnsUmlUncategorized" computerName="DESKTOP-HVR" duration="00:00:00.0001984" startTime="2026-07-16T16:27:35.1577396+02:00" endTime="2026-07-16T16:27:35.1578374+02:00" testType="13cdc9d9-ddb5-4fa4-a97d-d965ccfc6d4b" outcome="Passed" testListId="8c84fa94-04c1-424b-9868-57a2d4851a1d" relativeResultsDirectory="6127468c-bbe1-4116-8359-0336e5899809" />
    <UnitTestResult executionId="b5b7e4ca-c746-479e-a6d3-40fc549d1921" testId="79693130-0392-177d-57a1-3e321d0cb352" testName="EAxWiki.Tests.ElementPageWriterTests.RelationshipsTableRenderer_WithConnectorToUnknownElement" computerName="DESKTOP-HVR" duration="00:00:00.0005291" startTime="2026-07-16T16:27:35.3323317+02:00" endTime="2026-07-16T16:27:35.3324547+02:00" testType="13cdc9d9-ddb5-4fa4-a97d-d965ccfc6d4b" outcome="Passed" testListId="8c84fa94-04c1-424b-9868-57a2d4851a1d" relativeResultsDirectory="b5b7e4ca-c746-479e-a6d3-40fc549d1921" />
    <UnitTestResult executionId="59f6ecce-4a04-4f22-ae79-bb8f1ece5b4d" testId="e74359c8-d81f-546d-5247-fa6a9d924d7d" testName="EAxWiki.Tests.WriteBackScannerTests.Scan_RoutesElementNotesToUpdateElementNotes" computerName="DESKTOP-HVR" duration="00:00:00.2349295" startTime="2026-07-16T16:27:35.3542429+02:00" endTime="2026-07-16T16:27:35.5902774+02:00" testType="13cdc9d9-ddb5-4fa4-a97d-d965ccfc6d4b" outcome="Passed" testListId="8c84fa94-04c1-424b-9868-57a2d4851a1d" relativeResultsDirectory="59f6ecce-4a04-4f22-ae79-bb8f1ece5b4d" />
    <UnitTestResult executionId="bb7383dc-6549-4187-a16e-a2d51d00f4c0" testId="24104183-69d0-fdf0-3745-556f945fcb30" testName="EAxWiki.Tests.RepoLocatorTests.FindRepoRoot_StopsAfterTenLevels" computerName="DESKTOP-HVR" duration="00:00:00.0246749" startTime="2026-07-16T16:27:34.8705839+02:00" endTime="2026-07-16T16:27:34.9915289+02:00" testType="13cdc9d9-ddb5-4fa4-a97d-d965ccfc6d4b" outcome="Passed" testListId="8c84fa94-04c1-424b-9868-57a2d4851a1d" relativeResultsDirectory="bb7383dc-6549-4187-a16e-a2d51d00f4c0" />
    <UnitTestResult executionId="034148a9-6943-489a-af92-bc2d9807ff2f" testId="db721505-c656-2ddf-0352-e5a88b008e99" testName="EAxWiki.Tests.ConfigTests.Load_WritebackFlags_SetsWriteBack" computerName="DESKTOP-HVR" duration="00:00:00.0003295" startTime="2026-07-16T16:27:34.9968894+02:00" endTime="2026-07-16T16:27:34.9969862+02:00" testType="13cdc9d9-ddb5-4fa4-a97d-d965ccfc6d4b" outcome="Passed" testListId="8c84fa94-04c1-424b-9868-57a2d4851a1d" relativeResultsDirectory="034148a9-6943-489a-af92-bc2d9807ff2f" />
    <UnitTestResult executionId="3c5e9213-f6d4-4829-89b2-2f6b1e368530" testId="4bdd0b45-8825-89a9-c82e-a2deac719b2d" testName="EAxWiki.Tests.PropertyBasedTests.ParseStereotype_DoubleColon_LanguageIsPrefix" computerName="DESKTOP-HVR" duration="00:00:00.0646485" startTime="2026-07-16T16:27:36.2001268+02:00" endTime="2026-07-16T16:27:36.2685300+02:00" testType="13cdc9d9-ddb5-4fa4-a97d-d965ccfc6d4b" outcome="Passed" testListId="8c84fa94-04c1-424b-9868-57a2d4851a1d" relativeResultsDirectory="3c5e9213-f6d4-4829-89b2-2f6b1e368530">
      <Output>
        <StdOut>Ok, passed 100 tests.</StdOut>
      </Output>
    </UnitTestResult>
    <UnitTestResult executionId="a1bfe259-e230-41a1-bd8c-0b9199becdff" testId="4d8d2abb-2133-9480-202e-6db8695d21be" testName="EAxWiki.Tests.PropertyBasedTests.SanitizeName_NeverReturnsEmpty" computerName="DESKTOP-HVR" duration="00:00:00.0082910" startTime="2026-07-16T16:27:36.1508191+02:00" endTime="2026-07-16T16:27:36.1614588+02:00" testType="13cdc9d9-ddb5-4fa4-a97d-d965ccfc6d4b" outcome="Passed" testListId="8c84fa94-04c1-424b-9868-57a2d4851a1d" relativeResultsDirectory="a1bfe259-e230-41a1-bd8c-0b9199becdff">
      <Output>
        <StdOut>Ok, passed 100 tests.</StdOut>
      </Output>
    </UnitTestResult>
    <UnitTestResult executionId="ba81bc82-9d59-4242-98f5-d920add42572" testId="e34c0a63-1aaa-345c-ec82-5bd75d1c479d" testName="EAxWiki.Tests.MarkdownHelpersTests.EscapeCell_MultiplePipes" computerName="DESKTOP-HVR" duration="00:00:00.0001685" startTime="2026-07-16T16:27:35.1518944+02:00" endTime="2026-07-16T16:27:35.1519852+02:00" testType="13cdc9d9-ddb5-4fa4-a97d-d965ccfc6d4b" outcome="Passed" testListId="8c84fa94-04c1-424b-9868-57a2d4851a1d" relativeResultsDirectory="ba81bc82-9d59-4242-98f5-d920add42572" />
    <UnitTestResult executionId="39258af8-5bba-4ab3-a9fe-eb3738c591be" testId="54820c2d-402a-fc82-054d-f6919ac3e466" testName="EAxWiki.Tests.ModelHealthExporterTests.MissingDescription_NonEmptyNotes_IsNotFlagged" computerName="DESKTOP-HVR" duration="00:00:00.0016123" startTime="2026-07-16T16:27:35.0544339+02:00" endTime="2026-07-16T16:27:35.0555239+02:00" testType="13cdc9d9-ddb5-4fa4-a97d-d965ccfc6d4b" outcome="Passed" testListId="8c84fa94-04c1-424b-9868-57a2d4851a1d" relativeResultsDirectory="39258af8-5bba-4ab3-a9fe-eb3738c591be" />
    <UnitTestResult executionId="28fa4468-c4e6-4f7d-8b54-36afab7140e5" testId="dc2f63f4-696a-4dd2-d222-74dcbeecccca" testName="EAxWiki.Tests.PropertyBasedTests.EscapeCell_NoNewlines" computerName="DESKTOP-HVR" duration="00:00:00.0050544" startTime="2026-07-16T16:27:36.6059358+02:00" endTime="2026-07-16T16:27:36.6109973+02:00" testType="13cdc9d9-ddb5-4fa4-a97d-d965ccfc6d4b" outcome="Passed" testListId="8c84fa94-04c1-424b-9868-57a2d4851a1d" relativeResultsDirectory="28fa4468-c4e6-4f7d-8b54-36afab7140e5">
      <Output>
        <StdOut>Ok, passed 100 tests.</StdOut>
      </Output>
    </UnitTestResult>
    <UnitTestResult executionId="9d96aa9e-3012-4905-9fff-c33cf3d661a8" testId="5dfa0b6c-eb14-7aad-749f-da8fd533334b" testName="EAxWiki.Tests.ConfigTests.Load_HelpFlags_SetsHelpRequested" computerName="DESKTOP-HVR" duration="00:00:00.0031665" startTime="2026-07-16T16:27:34.9924046+02:00" endTime="2026-07-16T16:27:34.9924996+02:00" testType="13cdc9d9-ddb5-4fa4-a97d-d965ccfc6d4b" outcome="Passed" testListId="8c84fa94-04c1-424b-9868-57a2d4851a1d" relativeResultsDirectory="9d96aa9e-3012-4905-9fff-c33cf3d661a8" />
    <UnitTestResult executionId="bce132fa-d707-45a5-ab28-2b56d13bcc19" testId="fa290282-9083-007f-c4e0-8cf840994998" testName="EAxWiki.Tests.EaReaderTests.MapPackage_NullCollections_ProducesEmptyLists" computerName="DESKTOP-HVR" duration="00:00:00.0010993" startTime="2026-07-16T16:27:36.3826599+02:00" endTime="2026-07-16T16:27:36.3835010+02:00" testType="13cdc9d9-ddb5-4fa4-a97d-d965ccfc6d4b" outcome="Passed" testListId="8c84fa94-04c1-424b-9868-57a2d4851a1d" relativeResultsDirectory="bce132fa-d707-45a5-ab28-2b56d13bcc19" />
    <UnitTestResult executionId="fce88e7b-d765-4cc7-8500-1742d3b8201b" testId="28466c5f-25b9-c16d-ab66-91ed5b971f17" testName="EAxWiki.Tests.PropertyBasedTests.GetStereotypeLabel_ContainsSpanWithDataLayer" computerName="DESKTOP-HVR" duration="00:00:00.2804030" startTime="2026-07-16T16:27:36.3013509+02:00" endTime="2026-07-16T16:27:36.5921170+02:00" testType="13cdc9d9-ddb5-4fa4-a97d-d965ccfc6d4b" outcome="Passed" testListId="8c84fa94-04c1-424b-9868-57a2d4851a1d" relativeResultsDirectory="fce88e7b-d765-4cc7-8500-1742d3b8201b">
      <Output>
        <StdOut>Ok, passed 100 tests.</StdOut>
      </Output>
    </UnitTestResult>
    <UnitTestResult executionId="afabc7e2-c30e-43d6-baa5-b8c37ea42198" testId="4035789a-c076-25d0-5855-db8faaa12d0d" testName="EAxWiki.Tests.PipelineResilienceTests.ExportAsync_SingleElement_ReturnsOneSuccess" computerName="DESKTOP-HVR" duration="00:00:00.6421900" startTime="2026-07-16T16:27:34.8162663+02:00" endTime="2026-07-16T16:27:35.4661036+02:00" testType="13cdc9d9-ddb5-4fa4-a97d-d965ccfc6d4b" outcome="Passed" testListId="8c84fa94-04c1-424b-9868-57a2d4851a1d" relativeResultsDirectory="afabc7e2-c30e-43d6-baa5-b8c37ea42198" />
    <UnitTestResult executionId="09c6b333-e4b0-4852-bc37-ab95d0126d09" testId="b88ed89c-d0c4-98fd-a923-e33d8804d3df" testName="EAxWiki.Tests.ModelHealthExporterTests.EveryEntry_LinksToElementPage" computerName="DESKTOP-HVR" duration="00:00:00.0013571" startTime="2026-07-16T16:27:35.0086011+02:00" endTime="2026-07-16T16:27:35.0086984+02:00" testType="13cdc9d9-ddb5-4fa4-a97d-d965ccfc6d4b" outcome="Passed" testListId="8c84fa94-04c1-424b-9868-57a2d4851a1d" relativeResultsDirectory="09c6b333-e4b0-4852-bc37-ab95d0126d09" />
    <UnitTestResult executionId="21db2ef2-e02d-44c5-8fae-2c18418ef41c" testId="5e4b890e-dda6-be2d-2ef5-e3029b33071a" testName="EAxWiki.Tests.ConfigTests.Load_AllFlagsTogether_ParsesCorrectly" computerName="DESKTOP-HVR" duration="00:00:00.0009436" startTime="2026-07-16T16:27:35.0007710+02:00" endTime="2026-07-16T16:27:35.0008483+02:00" testType="13cdc9d9-ddb5-4fa4-a97d-d965ccfc6d4b" outcome="Passed" testListId="8c84fa94-04c1-424b-9868-57a2d4851a1d" relativeResultsDirectory="21db2ef2-e02d-44c5-8fae-2c18418ef41c" />
    <UnitTestResult executionId="b339164f-c4b0-4e78-95f5-3d31957db080" testId="41b5bfba-45b1-0f11-72b5-eac403d640aa" testName="EAxWiki.Tests.PropertyBasedTests.AllEdgyKeys_ProduceNonEmptyLabels" computerName="DESKTOP-HVR" duration="00:00:00.0007069" startTime="2026-07-16T16:27:36.2688276+02:00" endTime="2026-07-16T16:27:36.2693706+02:00" testType="13cdc9d9-ddb5-4fa4-a97d-d965ccfc6d4b" outcome="Passed" testListId="8c84fa94-04c1-424b-9868-57a2d4851a1d" relativeResultsDirectory="b339164f-c4b0-4e78-95f5-3d31957db080" />
    <UnitTestResult executionId="b92ad212-1eeb-42b1-8618-340e94e49bd7" testId="d9cebc95-32ca-c842-d801-bb6627cbe7bc" testName="EAxWiki.Tests.PowerShellRunnerTests.GetFullPathFromPathEnv_EmptyPaths_ReturnsNull" computerName="DESKTOP-HVR" duration="00:00:00.0002136" startTime="2026-07-16T16:27:35.1411102+02:00" endTime="2026-07-16T16:27:35.1412018+02:00" testType="13cdc9d9-ddb5-4fa4-a97d-d965ccfc6d4b" outcome="Passed" testListId="8c84fa94-04c1-424b-9868-57a2d4851a1d" relativeResultsDirectory="b92ad212-1eeb-42b1-8618-340e94e49bd7" />
    <UnitTestResult executionId="8ba4b6a0-c5e4-4c20-bca1-ec6788155609" testId="6c4c3eac-80f7-1470-47d8-8b6d7b441d4e" testName="EAxWiki.Tests.ElementPageWriterTests.ReferencedByTableRenderer_NoIncoming_ReturnsNothing" computerName="DESKTOP-HVR" duration="00:00:00.0027098" startTime="2026-07-16T16:27:35.3269289+02:00" endTime="2026-07-16T16:27:35.3296892+02:00" testType="13cdc9d9-ddb5-4fa4-a97d-d965ccfc6d4b" outcome="Passed" testListId="8c84fa94-04c1-424b-9868-57a2d4851a1d" relativeResultsDirectory="8ba4b6a0-c5e4-4c20-bca1-ec6788155609" />
    <UnitTestResult executionId="9f5df35c-3e5c-497b-9ecd-16212a85e4ed" testId="5b15cfe1-2db3-9210-316a-ffeee465fd70" testName="EAxWiki.Tests.ElementPageWriterTests.NotesWidgetRenderer_RichMode_IncludesEditorDiv" computerName="DESKTOP-HVR" duration="00:00:00.0005426" startTime="2026-07-16T16:27:35.3672720+02:00" endTime="2026-07-16T16:27:35.3679830+02:00" testType="13cdc9d9-ddb5-4fa4-a97d-d965ccfc6d4b" outcome="Passed" testListId="8c84fa94-04c1-424b-9868-57a2d4851a1d" relativeResultsDirectory="9f5df35c-3e5c-497b-9ecd-16212a85e4ed" />
    <UnitTestResult executionId="216167e9-7d9b-4c44-a436-a709e9fe78b9" testId="bf5d2ac9-3825-5778-6366-6b2026a927fd" testName="EAxWiki.Tests.FrontmatterParserTests.NormalizeNotesHtml_StripsIframeAndObjectTags" computerName="DESKTOP-HVR" duration="00:00:00.0107038" startTime="2026-07-16T16:27:35.5918588+02:00" endTime="2026-07-16T16:27:35.6022943+02:00" testType="13cdc9d9-ddb5-4fa4-a97d-d965ccfc6d4b" outcome="Passed" testListId="8c84fa94-04c1-424b-9868-57a2d4851a1d" relativeResultsDirectory="216167e9-7d9b-4c44-a436-a709e9fe78b9" />
    <UnitTestResult executionId="94a69636-6511-43d1-9ced-59ad586ffce7" testId="d3ec9ca3-3153-cb16-b07f-a5435c195de7" testName="EAxWiki.Tests.PipelineResilienceTests.ExportResult_ReturnsCorrectTotalCount" computerName="DESKTOP-HVR" duration="00:00:00.0291421" startTime="2026-07-16T16:27:35.5025699+02:00" endTime="2026-07-16T16:27:35.5094847+02:00" testType="13cdc9d9-ddb5-4fa4-a97d-d965ccfc6d4b" outcome="Passed" testListId="8c84fa94-04c1-424b-9868-57a2d4851a1d" relativeResultsDirectory="94a69636-6511-43d1-9ced-59ad586ffce7" />
    <UnitTestResult executionId="005dc4d8-cb5b-48d0-90ef-ad1b38638521" testId="7634e4f3-d826-8fb6-c8b4-28e1eff04be1" testName="EAxWiki.Tests.ElementPageWriterTests.RowNotesWidgetRenderer_TableRowSurface_IncludesEditRow" computerName="DESKTOP-HVR" duration="00:00:00.0003588" startTime="2026-07-16T16:27:35.3222197+02:00" endTime="2026-07-16T16:27:35.3223297+02:00" testType="13cdc9d9-ddb5-4fa4-a97d-d965ccfc6d4b" outcome="Passed" testListId="8c84fa94-04c1-424b-9868-57a2d4851a1d" relativeResultsDirectory="005dc4d8-cb5b-48d0-90ef-ad1b38638521" />
    <UnitTestResult executionId="de4aa739-617f-4a43-b5f5-4d1a8248d0d8" testId="5c2c40e1-2042-e6b1-7746-f3b16baf674d" testName="EAxWiki.Tests.PipelineResilienceTests.ExportAsync_CancelledToken_ThrowsOperationCanceledException" computerName="DESKTOP-HVR" duration="00:00:00.0033910" startTime="2026-07-16T16:27:35.6115072+02:00" endTime="2026-07-16T16:27:35.6156262+02:00" testType="13cdc9d9-ddb5-4fa4-a97d-d965ccfc6d4b" outcome="Passed" testListId="8c84fa94-04c1-424b-9868-57a2d4851a1d" relativeResultsDirectory="de4aa739-617f-4a43-b5f5-4d1a8248d0d8" />
    <UnitTestResult executionId="0b29b6c8-6413-4790-a7e5-4fb5fad2d374" testId="7c7fc940-78cb-a142-8bbe-66a66c3c0d8c" testName="EAxWiki.Tests.EaRepositoryTests.Redact_UserNameField_ReplacedWithAsterisks" computerName="DESKTOP-HVR" duration="00:00:00.0001940" startTime="2026-07-16T16:27:34.9861256+02:00" endTime="2026-07-16T16:27:34.9862246+02:00" testType="13cdc9d9-ddb5-4fa4-a97d-d965ccfc6d4b" outcome="Passed" testListId="8c84fa94-04c1-424b-9868-57a2d4851a1d" relativeResultsDirectory="0b29b6c8-6413-4790-a7e5-4fb5fad2d374" />
    <UnitTestResult executionId="c48491a5-94f3-48f0-b18a-b99c66282bb0" testId="23541d2e-53e4-abc8-9c13-7be423fed177" testName="EAxWiki.Tests.WriteBackScannerTests.Scan_RoutesDiagramNotesToUpdateDiagramNotes" computerName="DESKTOP-HVR" duration="00:00:00.0306666" startTime="2026-07-16T16:27:35.5906533+02:00" endTime="2026-07-16T16:27:35.6198892+02:00" testType="13cdc9d9-ddb5-4fa4-a97d-d965ccfc6d4b" outcome="Passed" testListId="8c84fa94-04c1-424b-9868-57a2d4851a1d" relativeResultsDirectory="c48491a5-94f3-48f0-b18a-b99c66282bb0" />
    <UnitTestResult executionId="bbd245f9-beaf-4954-8434-a9beb67d0661" testId="c276be85-4305-1647-e8b6-2d57d99dfbf0" testName="EAxWiki.Tests.PropertyBasedTests.ComputeStatusHash_Deterministic" computerName="DESKTOP-HVR" duration="00:00:00.0118046" startTime="2026-07-16T16:27:35.4330810+02:00" endTime="2026-07-16T16:27:35.4508441+02:00" testType="13cdc9d9-ddb5-4fa4-a97d-d965ccfc6d4b" outcome="Passed" testListId="8c84fa94-04c1-424b-9868-57a2d4851a1d" relativeResultsDirectory="bbd245f9-beaf-4954-8434-a9beb67d0661">
      <Output>
        <StdOut>Ok, passed 100 tests.</StdOut>
      </Output>
    </UnitTestResult>
    <UnitTestResult executionId="1f3f1dc9-0a3f-4853-8c4f-ce925aaec96c" testId="67e6ebba-b455-d4f9-5f15-12aa95f79765" testName="EAxWiki.Tests.ConfigTests.Load_NameShort_SetsRepositoryName" computerName="DESKTOP-HVR" duration="00:00:00.0001767" startTime="2026-07-16T16:27:35.0071593+02:00" endTime="2026-07-16T16:27:35.0072726+02:00" testType="13cdc9d9-ddb5-4fa4-a97d-d965ccfc6d4b" outcome="Passed" testListId="8c84fa94-04c1-424b-9868-57a2d4851a1d" relativeResultsDirectory="1f3f1dc9-0a3f-4853-8c4f-ce925aaec96c" />
    <UnitTestResult executionId="b2849a5f-e3bd-4e87-9e0c-a18e40502af2" testId="f83c5d9c-3a7d-e3a7-019d-465eb2eb16c6" testName="EAxWiki.Tests.CleanupTests.MoveElement_NewFileIsWritten" computerName="DESKTOP-HVR" duration="00:00:00.4166212" startTime="2026-07-16T16:27:38.6040697+02:00" endTime="2026-07-16T16:27:39.0210351+02:00" testType="13cdc9d9-ddb5-4fa4-a97d-d965ccfc6d4b" outcome="Passed" testListId="8c84fa94-04c1-424b-9868-57a2d4851a1d" relativeResultsDirectory="b2849a5f-e3bd-4e87-9e0c-a18e40502af2" />
    <UnitTestResult executionId="ca75dbdf-0112-4423-af7e-630715e78c28" testId="dec2dfdc-b51f-d709-b30c-ff858f0804bf" testName="EAxWiki.Tests.EaRepositoryTests.Redact_NoSensitiveFields_Unchanged" computerName="DESKTOP-HVR" duration="00:00:00.0012306" startTime="2026-07-16T16:27:34.9818796+02:00" endTime="2026-07-16T16:27:34.9819631+02:00" testType="13cdc9d9-ddb5-4fa4-a97d-d965ccfc6d4b" outcome="Passed" testListId="8c84fa94-04c1-424b-9868-57a2d4851a1d" relativeResultsDirectory="ca75dbdf-0112-4423-af7e-630715e78c28" />
    <UnitTestResult executionId="716deb66-477f-4962-a1d0-198dbbff4391" testId="23b05349-8d62-5266-8d3a-90394b861337" testName="EAxWiki.Tests.ModelHealthExporterTests.Stale_StatusSetButRecentlyModified_IsNotFlagged" computerName="DESKTOP-HVR" duration="00:00:00.0012617" startTime="2026-07-16T16:27:35.0540095+02:00" endTime="2026-07-16T16:27:35.0541391+02:00" testType="13cdc9d9-ddb5-4fa4-a97d-d965ccfc6d4b" outcome="Passed" testListId="8c84fa94-04c1-424b-9868-57a2d4851a1d" relativeResultsDirectory="716deb66-477f-4962-a1d0-198dbbff4391" />
    <UnitTestResult executionId="ae512a00-0c3e-46c7-8492-e1d77796919f" testId="e8f7a6a2-6a24-4f51-ff10-30fe4757561d" testName="EAxWiki.Tests.FileOutputWriterTests.WriteFileAsync_CreatesIntermediateDirectories" computerName="DESKTOP-HVR" duration="00:00:00.0336321" startTime="2026-07-16T16:27:35.1099828+02:00" endTime="2026-07-16T16:27:35.1645875+02:00" testType="13cdc9d9-ddb5-4fa4-a97d-d965ccfc6d4b" outcome="Passed" testListId="8c84fa94-04c1-424b-9868-57a2d4851a1d" relativeResultsDirectory="ae512a00-0c3e-46c7-8492-e1d77796919f" />
    <UnitTestResult executionId="2b1f33f6-f65d-4fcb-acb1-a899eba5ed0c" testId="a6ea3cd0-97e9-1ccf-ed69-366cf55808af" testName="EAxWiki.Tests.MarkdownHelpersTests.EscapeCell_NewlineReplacedWithSpace" computerName="DESKTOP-HVR" duration="00:00:00.0055517" startTime="2026-07-16T16:27:35.1415777+02:00" endTime="2026-07-16T16:27:35.1470123+02:00" testType="13cdc9d9-ddb5-4fa4-a97d-d965ccfc6d4b" outcome="Passed" testListId="8c84fa94-04c1-424b-9868-57a2d4851a1d" relativeResultsDirectory="2b1f33f6-f65d-4fcb-acb1-a899eba5ed0c" />
    <UnitTestResult executionId="e0c323c6-8c7a-4c8f-8674-70085743eb4a" testId="45609738-d66e-8777-ac48-b659a7c7a248" testName="EAxWiki.Tests.ExportValidatorTests.Validate_UnclosedDiv_ReturnsError" computerName="DESKTOP-HVR" duration="00:00:00.0060095" startTime="2026-07-16T16:27:35.6676185+02:00" endTime="2026-07-16T16:27:35.6677996+02:00" testType="13cdc9d9-ddb5-4fa4-a97d-d965ccfc6d4b" outcome="Passed" testListId="8c84fa94-04c1-424b-9868-57a2d4851a1d" relativeResultsDirectory="e0c323c6-8c7a-4c8f-8674-70085743eb4a" />
    <UnitTestResult executionId="96b23a2c-c641-4850-b5d7-d307444de71d" testId="adb9c161-cc92-b524-48cd-0cb1ee1a0440" testName="EAxWiki.Tests.PropertyBasedTests.SanitizeName_NeverReturnsNull" computerName="DESKTOP-HVR" duration="00:00:00.0045516" startTime="2026-07-16T16:27:36.0605948+02:00" endTime="2026-07-16T16:27:36.1123163+02:00" testType="13cdc9d9-ddb5-4fa4-a97d-d965ccfc6d4b" outcome="Passed" testListId="8c84fa94-04c1-424b-9868-57a2d4851a1d" relativeResultsDirectory="96b23a2c-c641-4850-b5d7-d307444de71d">
      <Output>
        <StdOut>Ok, passed 100 tests.</StdOut>
      </Output>
    </UnitTestResult>
    <UnitTestResult executionId="d8ace0b3-b0d3-46a4-8a61-c68fc7190912" testId="15cc31bf-27dd-bcdf-a75e-e6278aa614dd" testName="EAxWiki.Tests.ConfigTests.Load_RepoLong_SetsRepositoryPath" computerName="DESKTOP-HVR" duration="00:00:00.0001613" startTime="2026-07-16T16:27:34.9979170+02:00" endTime="2026-07-16T16:27:34.9980048+02:00" testType="13cdc9d9-ddb5-4fa4-a97d-d965ccfc6d4b" outcome="Passed" testListId="8c84fa94-04c1-424b-9868-57a2d4851a1d" relativeResultsDirectory="d8ace0b3-b0d3-46a4-8a61-c68fc7190912" />
    <UnitTestResult executionId="13a57ab3-a38c-475c-b90f-e599037a3752" testId="f5d83f01-6b71-012b-1621-5fc54d31c90e" testName="EAxWiki.Tests.ElementPageWriterTests.RowNotesWidgetRenderer_NullNotes_ProducesNormalizedEmpty" computerName="DESKTOP-HVR" duration="00:00:00.0002972" startTime="2026-07-16T16:27:35.3226341+02:00" endTime="2026-07-16T16:27:35.3227282+02:00" testType="13cdc9d9-ddb5-4fa4-a97d-d965ccfc6d4b" outcome="Passed" testListId="8c84fa94-04c1-424b-9868-57a2d4851a1d" relativeResultsDirectory="13a57ab3-a38c-475c-b90f-e599037a3752" />
    <UnitTestResult executionId="bcdf9c95-93a1-4669-9e72-e857bc7399bc" testId="ee5f3f18-88bf-88f9-48ff-6acc99360eaf" testName="EAxWiki.Tests.EaReaderTests.MapPackage_WithLogger_WarnsOnUnexpectedDiagramType" computerName="DESKTOP-HVR" duration="00:00:00.1312039" startTime="2026-07-16T16:27:36.0272737+02:00" endTime="2026-07-16T16:27:36.1583962+02:00" testType="13cdc9d9-ddb5-4fa4-a97d-d965ccfc6d4b" outcome="Passed" testListId="8c84fa94-04c1-424b-9868-57a2d4851a1d" relativeResultsDirectory="bcdf9c95-93a1-4669-9e72-e857bc7399bc" />
    <UnitTestResult executionId="ba0eca1a-8701-4a12-84c2-0e1e975f6369" testId="4c5a4fc0-2302-2521-5e74-bedfcd39da40" testName="EAxWiki.Tests.PipelineResilienceTests.ForceMode_SafeDeleteContents_DoesNotCrash" computerName="DESKTOP-HVR" duration="00:00:00.0106060" startTime="2026-07-16T16:27:35.5173317+02:00" endTime="2026-07-16T16:27:35.5277298+02:00" testType="13cdc9d9-ddb5-4fa4-a97d-d965ccfc6d4b" outcome="Passed" testListId="8c84fa94-04c1-424b-9868-57a2d4851a1d" relativeResultsDirectory="ba0eca1a-8701-4a12-84c2-0e1e975f6369" />
    <UnitTestResult executionId="812d4329-d504-4b5a-add9-f287d95df7dd" testId="b69373be-f624-9478-2c1d-f18585911f3b" testName="EAxWiki.Tests.LocalConfigStoreTests.Load_PlainJsonWithoutEncryption_Loads" computerName="DESKTOP-HVR" duration="00:00:00.0148216" startTime="2026-07-16T16:27:35.0108762+02:00" endTime="2026-07-16T16:27:35.0262224+02:00" testType="13cdc9d9-ddb5-4fa4-a97d-d965ccfc6d4b" outcome="Passed" testListId="8c84fa94-04c1-424b-9868-57a2d4851a1d" relativeResultsDirectory="812d4329-d504-4b5a-add9-f287d95df7dd" />
    <UnitTestResult executionId="d225e7c8-7d7b-47d9-abb1-d320d110d120" testId="9811605c-1cee-c449-e031-97a04cb2a7b3" testName="EAxWiki.Tests.ExportValidatorTests.Validate_NoFrontmatter_NoError" computerName="DESKTOP-HVR" duration="00:00:00.0165435" startTime="2026-07-16T16:27:35.6690744+02:00" endTime="2026-07-16T16:27:35.6828284+02:00" testType="13cdc9d9-ddb5-4fa4-a97d-d965ccfc6d4b" outcome="Passed" testListId="8c84fa94-04c1-424b-9868-57a2d4851a1d" relativeResultsDirectory="d225e7c8-7d7b-47d9-abb1-d320d110d120" />
    <UnitTestResult executionId="7b00f0f4-cf4b-479b-acba-6b5d56252f49" testId="7e6e7616-2b2a-ba69-9217-cb703e4f861b" testName="EAxWiki.Tests.ContextBuilderTests.ConnectorIndexBuilder_DeduplicatesConnectors" computerName="DESKTOP-HVR" duration="00:00:00.0042172" startTime="2026-07-16T16:27:35.6760140+02:00" endTime="2026-07-16T16:27:35.6804331+02:00" testType="13cdc9d9-ddb5-4fa4-a97d-d965ccfc6d4b" outcome="Passed" testListId="8c84fa94-04c1-424b-9868-57a2d4851a1d" relativeResultsDirectory="7b00f0f4-cf4b-479b-acba-6b5d56252f49" />
    <UnitTestResult executionId="44be8793-e36e-4a31-b53e-54aab1758de9" testId="704f7045-82f2-cc00-01a8-fce08a7d6f10" testName="EAxWiki.Tests.EaRepositoryTests.Redact_UidField_ReplacedWithAsterisks" computerName="DESKTOP-HVR" duration="00:00:00.0001529" startTime="2026-07-16T16:27:34.9815403+02:00" endTime="2026-07-16T16:27:34.9816237+02:00" testType="13cdc9d9-ddb5-4fa4-a97d-d965ccfc6d4b" outcome="Passed" testListId="8c84fa94-04c1-424b-9868-57a2d4851a1d" relativeResultsDirectory="44be8793-e36e-4a31-b53e-54aab1758de9" />
    <UnitTestResult executionId="b9210a77-9b6c-47ba-8f25-ea16127dd015" testId="57f73371-4aec-8e3c-8db8-69e18e3153b2" testName="EAxWiki.Tests.ModelHealthExporterTests.MissingDescription_EmptyOrWhitespaceOnlyNotes_IsFlagged(notes: &quot;&quot;)" computerName="DESKTOP-HVR" duration="00:00:00.0001401" startTime="2026-07-16T16:27:35.0254418+02:00" endTime="2026-07-16T16:27:35.0255476+02:00" testType="13cdc9d9-ddb5-4fa4-a97d-d965ccfc6d4b" outcome="Passed" testListId="8c84fa94-04c1-424b-9868-57a2d4851a1d" relativeResultsDirectory="b9210a77-9b6c-47ba-8f25-ea16127dd015" />
    <UnitTestResult executionId="f3056678-bb2b-4882-a53b-e5c6f5d17770" testId="4ba55caf-7f2f-24cf-a8bb-05715c9c644a" testName="EAxWiki.Tests.EaReaderTests.MapPackage_RecursiveNestedPackages" computerName="DESKTOP-HVR" duration="00:00:00.0034766" startTime="2026-07-16T16:27:36.2884589+02:00" endTime="2026-07-16T16:27:36.2897884+02:00" testType="13cdc9d9-ddb5-4fa4-a97d-d965ccfc6d4b" outcome="Passed" testListId="8c84fa94-04c1-424b-9868-57a2d4851a1d" relativeResultsDirectory="f3056678-bb2b-4882-a53b-e5c6f5d17770" />
    <UnitTestResult executionId="3e074128-3f3b-4514-955e-91400ee26fbd" testId="b89bf185-3665-fdff-7d64-e74c1a7417d1" testName="EAxWiki.Tests.PropertyBasedTests.EscapeCell_NoUnescapedPipes" computerName="DESKTOP-HVR" duration="00:00:00.0050612" startTime="2026-07-16T16:27:36.1251146+02:00" endTime="2026-07-16T16:27:36.1326749+02:00" testType="13cdc9d9-ddb5-4fa4-a97d-d965ccfc6d4b" outcome="Passed" testListId="8c84fa94-04c1-424b-9868-57a2d4851a1d" relativeResultsDirectory="3e074128-3f3b-4514-955e-91400ee26fbd">
      <Output>
        <StdOut>Ok, passed 100 tests.</StdOut>
      </Output>
    </UnitTestResult>
    <UnitTestResult executionId="7d8d7ff4-cb6a-4b20-a997-1310455a2412" testId="ac675721-221c-1760-f8e5-388624ea87e3" testName="EAxWiki.Tests.FrontmatterParserTests.UpdateNotes_BumpsModifiedDateToToday" computerName="DESKTOP-HVR" duration="00:00:00.0072684" startTime="2026-07-16T16:27:35.6584374+02:00" endTime="2026-07-16T16:27:35.6589966+02:00" testType="13cdc9d9-ddb5-4fa4-a97d-d965ccfc6d4b" outcome="Passed" testListId="8c84fa94-04c1-424b-9868-57a2d4851a1d" relativeResultsDirectory="7d8d7ff4-cb6a-4b20-a997-1310455a2412" />
    <UnitTestResult executionId="3b1c0945-5b88-4811-ba46-c9c2219c401d" testId="2c2d9623-9006-78a7-f001-6e2366c7a1a7" testName="EAxWiki.Tests.FrontmatterParserTests.UpdateStatus_LeavesCreatedDateUntouched" computerName="DESKTOP-HVR" duration="00:00:00.0159946" startTime="2026-07-16T16:27:35.5542719+02:00" endTime="2026-07-16T16:27:35.5654903+02:00" testType="13cdc9d9-ddb5-4fa4-a97d-d965ccfc6d4b" outcome="Passed" testListId="8c84fa94-04c1-424b-9868-57a2d4851a1d" relativeResultsDirectory="3b1c0945-5b88-4811-ba46-c9c2219c401d" />
    <UnitTestResult executionId="c9b6d438-599b-48cf-9a7c-98d9f9d1d1dc" testId="65dc1031-d694-328c-ca61-1b8aa48f142c" testName="EAxWiki.Tests.EaReaderTests.MapElement_SkipsNonMatchingItemsInCollection" computerName="DESKTOP-HVR" duration="00:00:00.0080979" startTime="2026-07-16T16:27:36.3743879+02:00" endTime="2026-07-16T16:27:36.3822903+02:00" testType="13cdc9d9-ddb5-4fa4-a97d-d965ccfc6d4b" outcome="Passed" testListId="8c84fa94-04c1-424b-9868-57a2d4851a1d" relativeResultsDirectory="c9b6d438-599b-48cf-9a7c-98d9f9d1d1dc" />
    <UnitTestResult executionId="a0d7bff4-e894-4213-bfae-81efc9570627" testId="3db9d797-822b-2cfb-27fe-45a2fcffba33" testName="EAxWiki.Tests.LocalConfigStoreTests.SaveAndLoad_MinimalConfig_RoundTrips" computerName="DESKTOP-HVR" duration="00:00:00.0409613" startTime="2026-07-16T16:27:35.0327157+02:00" endTime="2026-07-16T16:27:35.0691675+02:00" testType="13cdc9d9-ddb5-4fa4-a97d-d965ccfc6d4b" outcome="Passed" testListId="8c84fa94-04c1-424b-9868-57a2d4851a1d" relativeResultsDirectory="a0d7bff4-e894-4213-bfae-81efc9570627" />
    <UnitTestResult executionId="86066074-6cbf-48a2-a782-ca801a51d3d4" testId="9d22624b-421b-85b7-c3be-58127bb05bb5" testName="EAxWiki.Tests.EaReaderTests.MapDiagram_MapsDiagramObjects" computerName="DESKTOP-HVR" duration="00:00:00.0574202" startTime="2026-07-16T16:27:36.3838494+02:00" endTime="2026-07-16T16:27:36.4411853+02:00" testType="13cdc9d9-ddb5-4fa4-a97d-d965ccfc6d4b" outcome="Passed" testListId="8c84fa94-04c1-424b-9868-57a2d4851a1d" relativeResultsDirectory="86066074-6cbf-48a2-a782-ca801a51d3d4" />
    <UnitTestResult executionId="7fd99b1f-afd9-43cc-a815-d6e18381d75e" testId="6088a582-5258-ae36-b7dc-956f17e2857a" testName="EAxWiki.Tests.ExportIntegrationTests.Export_CreatesRootIndexFile" computerName="DESKTOP-HVR" duration="00:00:00.0413892" startTime="2026-07-16T16:27:35.4247909+02:00" endTime="2026-07-16T16:27:35.4665968+02:00" testType="13cdc9d9-ddb5-4fa4-a97d-d965ccfc6d4b" outcome="Passed" testListId="8c84fa94-04c1-424b-9868-57a2d4851a1d" relativeResultsDirectory="7fd99b1f-afd9-43cc-a815-d6e18381d75e" />
    <UnitTestResult executionId="da11d0e0-d407-4a8c-97d5-1e111ab3d2fd" testId="87b23ac8-02ec-6b3e-d027-671edbf4f22e" testName="EAxWiki.Tests.ElementPageWriterTests.AttributesSectionRenderer_Empty_ReturnsNothing" computerName="DESKTOP-HVR" duration="00:00:00.0027279" startTime="2026-07-16T16:27:35.3175803+02:00" endTime="2026-07-16T16:27:35.3200834+02:00" testType="13cdc9d9-ddb5-4fa4-a97d-d965ccfc6d4b" outcome="Passed" testListId="8c84fa94-04c1-424b-9868-57a2d4851a1d" relativeResultsDirectory="da11d0e0-d407-4a8c-97d5-1e111ab3d2fd" />
    <UnitTestResult executionId="82324cfc-c16f-4446-8dee-d4c3d1474990" testId="9416f8a8-d322-4af8-a54c-92f1c4c0494c" testName="EAxWiki.Tests.EaReaderTests.UpdateElementNotes_WhenNotOpen_Throws" computerName="DESKTOP-HVR" duration="00:00:00.0012064" startTime="2026-07-16T16:27:36.2535427+02:00" endTime="2026-07-16T16:27:36.2676421+02:00" testType="13cdc9d9-ddb5-4fa4-a97d-d965ccfc6d4b" outcome="Passed" testListId="8c84fa94-04c1-424b-9868-57a2d4851a1d" relativeResultsDirectory="82324cfc-c16f-4446-8dee-d4c3d1474990" />
    <UnitTestResult executionId="1d6d4c6d-bf0d-46ba-8205-b6664cb62c94" testId="280a9b09-6937-477e-990c-d20099cdb908" testName="EAxWiki.Tests.ContextBuilderTests.LookupBuilder_BuildPackageLookupFindsById" computerName="DESKTOP-HVR" duration="00:00:00.0473418" startTime="2026-07-16T16:27:35.6565988+02:00" endTime="2026-07-16T16:27:35.6707911+02:00" testType="13cdc9d9-ddb5-4fa4-a97d-d965ccfc6d4b" outcome="Passed" testListId="8c84fa94-04c1-424b-9868-57a2d4851a1d" relativeResultsDirectory="1d6d4c6d-bf0d-46ba-8205-b6664cb62c94" />
    <UnitTestResult executionId="5a88cd69-d707-4e91-9615-04e0a649026e" testId="5a5158d2-c991-0017-f897-75d68e852d65" testName="EAxWiki.Tests.EaReaderTests.MapElement_MapsBasicProperties" computerName="DESKTOP-HVR" duration="00:00:00.0108943" startTime="2026-07-16T16:27:36.2977665+02:00" endTime="2026-07-16T16:27:36.3035572+02:00" testType="13cdc9d9-ddb5-4fa4-a97d-d965ccfc6d4b" outcome="Passed" testListId="8c84fa94-04c1-424b-9868-57a2d4851a1d" relativeResultsDirectory="5a88cd69-d707-4e91-9615-04e0a649026e" />
    <UnitTestResult executionId="f2374c3a-24ff-4b27-897f-440d4f5ae970" testId="831835c6-5a3f-15f9-dd4c-f0133a9b2683" testName="EAxWiki.Tests.MarkdownHelpersTests.EscapeCell_EscapesPipe" computerName="DESKTOP-HVR" duration="00:00:00.0001432" startTime="2026-07-16T16:27:35.1585628+02:00" endTime="2026-07-16T16:27:35.1586492+02:00" testType="13cdc9d9-ddb5-4fa4-a97d-d965ccfc6d4b" outcome="Passed" testListId="8c84fa94-04c1-424b-9868-57a2d4851a1d" relativeResultsDirectory="f2374c3a-24ff-4b27-897f-440d4f5ae970" />
    <UnitTestResult executionId="9aecaa86-64a5-44ed-bdee-282b23515124" testId="a73e735c-eb45-5781-9fe8-e799f80e8d8d" testName="EAxWiki.Tests.EaReaderTests.MapPackage_MapsChildPackages" computerName="DESKTOP-HVR" duration="00:00:00.0017622" startTime="2026-07-16T16:27:36.2901060+02:00" endTime="2026-07-16T16:27:36.2917688+02:00" testType="13cdc9d9-ddb5-4fa4-a97d-d965ccfc6d4b" outcome="Passed" testListId="8c84fa94-04c1-424b-9868-57a2d4851a1d" relativeResultsDirectory="9aecaa86-64a5-44ed-bdee-282b23515124" />
    <UnitTestResult executionId="eca9de09-851a-4a02-a107-c6f53a3b8bdd" testId="efadc1f2-f997-46cd-fd04-a7d125245325" testName="EAxWiki.Tests.PipelineResilienceTests.ExportAsync_CancellationToken_ReachesWriter" computerName="DESKTOP-HVR" duration="00:00:00.0112012" startTime="2026-07-16T16:27:35.5847770+02:00" endTime="2026-07-16T16:27:35.5923101+02:00" testType="13cdc9d9-ddb5-4fa4-a97d-d965ccfc6d4b" outcome="Passed" testListId="8c84fa94-04c1-424b-9868-57a2d4851a1d" relativeResultsDirectory="eca9de09-851a-4a02-a107-c6f53a3b8bdd" />
    <UnitTestResult executionId="4cf4c9e8-dfca-4d29-9d1d-f174fba5bde4" testId="a30b9ca3-70cf-f846-76a5-811e143cd901" testName="EAxWiki.Tests.ConfigTests.Load_OutputLong_SetsOutputPath" computerName="DESKTOP-HVR" duration="00:00:00.0003333" startTime="2026-07-16T16:27:34.9927582+02:00" endTime="2026-07-16T16:27:34.9928517+02:00" testType="13cdc9d9-ddb5-4fa4-a97d-d965ccfc6d4b" outcome="Passed" testListId="8c84fa94-04c1-424b-9868-57a2d4851a1d" relativeResultsDirectory="4cf4c9e8-dfca-4d29-9d1d-f174fba5bde4" />
    <UnitTestResult executionId="dbe88afe-7f18-4c63-b279-59f65b5d406a" testId="6f35e615-8512-2f5c-438b-4e718ca4578d" testName="EAxWiki.Tests.EaReaderTests.MapElement_MapsMethods" computerName="DESKTOP-HVR" duration="00:00:00.0357145" startTime="2026-07-16T16:27:36.2143602+02:00" endTime="2026-07-16T16:27:36.2503560+02:00" testType="13cdc9d9-ddb5-4fa4-a97d-d965ccfc6d4b" outcome="Passed" testListId="8c84fa94-04c1-424b-9868-57a2d4851a1d" relativeResultsDirectory="dbe88afe-7f18-4c63-b279-59f65b5d406a" />
    <UnitTestResult executionId="a12357a0-3a42-4af4-95a9-2ddfd1d60260" testId="27f085cb-3e99-65cd-7808-9b89c1716b3c" testName="EAxWiki.Tests.EaRepositoryTests.Redact_CaseInsensitive_HandlesAllCases" computerName="DESKTOP-HVR" duration="00:00:00.0001522" startTime="2026-07-16T16:27:34.9864607+02:00" endTime="2026-07-16T16:27:34.9866270+02:00" testType="13cdc9d9-ddb5-4fa4-a97d-d965ccfc6d4b" outcome="Passed" testListId="8c84fa94-04c1-424b-9868-57a2d4851a1d" relativeResultsDirectory="a12357a0-3a42-4af4-95a9-2ddfd1d60260" />
    <UnitTestResult executionId="f51a634f-44d2-4761-89db-c30ecf3c7649" testId="e3a5e1eb-1179-20be-8961-99811e99775d" testName="EAxWiki.Tests.WriteBackScannerTests.Scan_RoutesAttributeRowNotesToUpdateAttributeNotes" computerName="DESKTOP-HVR" duration="00:00:00.0519939" startTime="2026-07-16T16:27:35.6561281+02:00" endTime="2026-07-16T16:27:35.6720488+02:00" testType="13cdc9d9-ddb5-4fa4-a97d-d965ccfc6d4b" outcome="Passed" testListId="8c84fa94-04c1-424b-9868-57a2d4851a1d" relativeResultsDirectory="f51a634f-44d2-4761-89db-c30ecf3c7649" />
    <UnitTestResult executionId="2cad1660-bcd0-419f-8d31-2a43524b4145" testId="3c880d2b-bc08-ec25-ddc0-74a0274826be" testName="EAxWiki.Tests.ElementPageWriterTests.NotesWidgetRenderer_PlainMode_WithNotes_ReturnsNotes" computerName="DESKTOP-HVR" duration="00:00:00.0004265" startTime="2026-07-16T16:27:35.3308150+02:00" endTime="2026-07-16T16:27:35.3310773+02:00" testType="13cdc9d9-ddb5-4fa4-a97d-d965ccfc6d4b" outcome="Passed" testListId="8c84fa94-04c1-424b-9868-57a2d4851a1d" relativeResultsDirectory="2cad1660-bcd0-419f-8d31-2a43524b4145" />
    <UnitTestResult executionId="c4499818-ef4b-4c71-88df-e979a90ca7a5" testId="5810b8e6-6114-f1f5-88a4-405f970f9452" testName="EAxWiki.Tests.ElementPageWriterTests.RelationshipsTableRenderer_SelfReferencingConnector_LinksToSelf" computerName="DESKTOP-HVR" duration="00:00:00.0035379" startTime="2026-07-16T16:27:35.3233117+02:00" endTime="2026-07-16T16:27:35.3258808+02:00" testType="13cdc9d9-ddb5-4fa4-a97d-d965ccfc6d4b" outcome="Passed" testListId="8c84fa94-04c1-424b-9868-57a2d4851a1d" relativeResultsDirectory="c4499818-ef4b-4c71-88df-e979a90ca7a5" />
    <UnitTestResult executionId="1c4c44d9-66ce-454f-8dd9-513245dc91cc" testId="0ed023c1-0898-b66f-b40c-062bca76b890" testName="EAxWiki.Tests.EaReaderTests.ExportDiagramImage_WhenNotOpen_ReturnsFalse" computerName="DESKTOP-HVR" duration="00:00:00.0018485" startTime="2026-07-16T16:27:35.4392351+02:00" endTime="2026-07-16T16:27:35.4413265+02:00" testType="13cdc9d9-ddb5-4fa4-a97d-d965ccfc6d4b" outcome="Passed" testListId="8c84fa94-04c1-424b-9868-57a2d4851a1d" relativeResultsDirectory="1c4c44d9-66ce-454f-8dd9-513245dc91cc" />
    <UnitTestResult executionId="468aa50f-a2c7-46cd-9dfe-ff405b0fbdfc" testId="03e66b8f-117c-5b6b-2069-a7134352aabb" testName="EAxWiki.Tests.EaReaderTests.MapPackage_MapsElements" computerName="DESKTOP-HVR" duration="00:00:00.0029050" startTime="2026-07-16T16:27:36.3675989+02:00" endTime="2026-07-16T16:27:36.3702440+02:00" testType="13cdc9d9-ddb5-4fa4-a97d-d965ccfc6d4b" outcome="Passed" testListId="8c84fa94-04c1-424b-9868-57a2d4851a1d" relativeResultsDirectory="468aa50f-a2c7-46cd-9dfe-ff405b0fbdfc" />
    <UnitTestResult executionId="70851cf8-5c62-4a95-87ea-b670085d9064" testId="fe1f3989-d00a-8401-7073-c66ff15e159b" testName="EAxWiki.Tests.EaReaderTests.Open_NullConnectionString_ThrowsArgument" computerName="DESKTOP-HVR" duration="00:00:00.0006838" startTime="2026-07-16T16:27:36.2834668+02:00" endTime="2026-07-16T16:27:36.2836608+02:00" testType="13cdc9d9-ddb5-4fa4-a97d-d965ccfc6d4b" outcome="Passed" testListId="8c84fa94-04c1-424b-9868-57a2d4851a1d" relativeResultsDirectory="70851cf8-5c62-4a95-87ea-b670085d9064" />
    <UnitTestResult executionId="0ddabc69-f731-4921-a228-bfb319fbd48f" testId="fa9c7f9c-9995-a046-cc57-3075f2e1820f" testName="EAxWiki.Tests.EaReaderTests.MapElement_MapsTaggedValues" computerName="DESKTOP-HVR" duration="00:00:00.0260356" startTime="2026-07-16T16:27:36.3101592+02:00" endTime="2026-07-16T16:27:36.3321577+02:00" testType="13cdc9d9-ddb5-4fa4-a97d-d965ccfc6d4b" outcome="Passed" testListId="8c84fa94-04c1-424b-9868-57a2d4851a1d" relativeResultsDirectory="0ddabc69-f731-4921-a228-bfb319fbd48f" />
    <UnitTestResult executionId="9966694c-cc5d-42b1-861e-30ee66a4ce94" testId="ba8e9d0d-544d-8142-2a70-3ac910a33aeb" testName="EAxWiki.Tests.PropertyBasedTests.SanitizeForAnchor_SameLengthAsInput" computerName="DESKTOP-HVR" duration="00:00:00.0047502" startTime="2026-07-16T16:27:36.2762969+02:00" endTime="2026-07-16T16:27:36.2887155+02:00" testType="13cdc9d9-ddb5-4fa4-a97d-d965ccfc6d4b" outcome="Passed" testListId="8c84fa94-04c1-424b-9868-57a2d4851a1d" relativeResultsDirectory="9966694c-cc5d-42b1-861e-30ee66a4ce94">
      <Output>
        <StdOut>Ok, passed 100 tests.</StdOut>
      </Output>
    </UnitTestResult>
    <UnitTestResult executionId="9987dec0-4ab1-4a36-9e01-401a8652ec45" testId="2de43924-8af1-ab9e-b21b-379d1f4c69e4" testName="EAxWiki.Tests.MarkdownHelpersTests.SanitizeName_CachesResult" computerName="DESKTOP-HVR" duration="00:00:00.0003042" startTime="2026-07-16T16:27:35.1615334+02:00" endTime="2026-07-16T16:27:35.1635004+02:00" testType="13cdc9d9-ddb5-4fa4-a97d-d965ccfc6d4b" outcome="Passed" testListId="8c84fa94-04c1-424b-9868-57a2d4851a1d" relativeResultsDirectory="9987dec0-4ab1-4a36-9e01-401a8652ec45" />
    <UnitTestResult executionId="7c5db45d-f033-4020-937d-2d6647ac1f14" testId="215d7f6e-60a3-6e61-9658-5897aadd4aa1" testName="EAxWiki.Tests.CleanupTests.SpecialDirs_AreNeverDeleted" computerName="DESKTOP-HVR" duration="00:00:00.6202872" startTime="2026-07-16T16:27:36.3731581+02:00" endTime="2026-07-16T16:27:37.0078899+02:00" testType="13cdc9d9-ddb5-4fa4-a97d-d965ccfc6d4b" outcome="Passed" testListId="8c84fa94-04c1-424b-9868-57a2d4851a1d" relativeResultsDirectory="7c5db45d-f033-4020-937d-2d6647ac1f14" />
    <UnitTestResult executionId="355e37a4-f510-4be5-9484-91b3e841241a" testId="eb88b11e-4509-0df0-530d-9e1ee5fb1364" testName="EAxWiki.Tests.ElementPageWriterTests.RelationshipsTableRenderer_WithConnectorToKnownElement" computerName="DESKTOP-HVR" duration="00:00:00.0008005" startTime="2026-07-16T16:27:35.3767185+02:00" endTime="2026-07-16T16:27:35.3768091+02:00" testType="13cdc9d9-ddb5-4fa4-a97d-d965ccfc6d4b" outcome="Passed" testListId="8c84fa94-04c1-424b-9868-57a2d4851a1d" relativeResultsDirectory="355e37a4-f510-4be5-9484-91b3e841241a" />
    <UnitTestResult executionId="358e0561-6971-4fac-896d-d813755fccf0" testId="ca0e2c68-703a-535b-7380-abeb00eb97ca" testName="EAxWiki.Tests.EaRepositoryTests.Redact_MultipleSensitiveFields_AllRedacted" computerName="DESKTOP-HVR" duration="00:00:00.0002283" startTime="2026-07-16T16:27:34.9800795+02:00" endTime="2026-07-16T16:27:34.9801732+02:00" testType="13cdc9d9-ddb5-4fa4-a97d-d965ccfc6d4b" outcome="Passed" testListId="8c84fa94-04c1-424b-9868-57a2d4851a1d" relativeResultsDirectory="358e0561-6971-4fac-896d-d813755fccf0" />
    <UnitTestResult executionId="1bf6ba83-2e63-4703-b005-79588a762a06" testId="81276c30-4004-d11c-07a5-6003529e2ffd" testName="EAxWiki.Tests.PropertyBasedTests.EscapeCell_NeverReturnsNull" computerName="DESKTOP-HVR" duration="00:00:00.0042437" startTime="2026-07-16T16:27:35.6573335+02:00" endTime="2026-07-16T16:27:35.6596564+02:00" testType="13cdc9d9-ddb5-4fa4-a97d-d965ccfc6d4b" outcome="Passed" testListId="8c84fa94-04c1-424b-9868-57a2d4851a1d" relativeResultsDirectory="1bf6ba83-2e63-4703-b005-79588a762a06">
      <Output>
        <StdOut>Ok, passed 100 tests.</StdOut>
      </Output>
    </UnitTestResult>
    <UnitTestResult executionId="2a493a8d-1f69-45c4-991b-ee8f23b59a51" testId="9a6606d8-e8b7-9794-2c51-3675e59d2d26" testName="EAxWiki.Tests.MarkdownHelpersTests.EscapeCell_NoPipes_ReturnsUnchanged" computerName="DESKTOP-HVR" duration="00:00:00.0001461" startTime="2026-07-16T16:27:35.1511880+02:00" endTime="2026-07-16T16:27:35.1515805+02:00" testType="13cdc9d9-ddb5-4fa4-a97d-d965ccfc6d4b" outcome="Passed" testListId="8c84fa94-04c1-424b-9868-57a2d4851a1d" relativeResultsDirectory="2a493a8d-1f69-45c4-991b-ee8f23b59a51" />
    <UnitTestResult executionId="ba4580bc-199f-45ef-9653-66e9a7c48bf7" testId="3dd0d5ea-ae5f-7aa8-b7a2-0e763fc31f6c" testName="EAxWiki.Tests.EaReaderTests.MapDiagram_MapsBasicProperties" computerName="DESKTOP-HVR" duration="00:00:00.0525757" startTime="2026-07-16T16:27:36.1643607+02:00" endTime="2026-07-16T16:27:36.2125132+02:00" testType="13cdc9d9-ddb5-4fa4-a97d-d965ccfc6d4b" outcome="Passed" testListId="8c84fa94-04c1-424b-9868-57a2d4851a1d" relativeResultsDirectory="ba4580bc-199f-45ef-9653-66e9a7c48bf7" />
    <UnitTestResult executionId="67dbafe8-5fc4-42de-86a4-52dd2eb25d61" testId="c5b9ead1-70d8-056c-0105-a31a02ca22a9" testName="EAxWiki.Tests.ElementPageWriterTests.TaggedValuesSectionRenderer_Empty_ReturnsNothing" computerName="DESKTOP-HVR" duration="00:00:00.0001608" startTime="2026-07-16T16:27:35.3764025+02:00" endTime="2026-07-16T16:27:35.3764924+02:00" testType="13cdc9d9-ddb5-4fa4-a97d-d965ccfc6d4b" outcome="Passed" testListId="8c84fa94-04c1-424b-9868-57a2d4851a1d" relativeResultsDirectory="67dbafe8-5fc4-42de-86a4-52dd2eb25d61" />
    <UnitTestResult executionId="c75f4b74-d0c2-44e5-8ca5-3d598aaa5cc6" testId="97fb9d29-e427-1635-6ecd-79213eddfb2b" testName="EAxWiki.Tests.EaRepositoryTests.Redact_OracleAndSemicolonMixed_BothRedacted" computerName="DESKTOP-HVR" duration="00:00:00.0003034" startTime="2026-07-16T16:27:34.9780113+02:00" endTime="2026-07-16T16:27:34.9781429+02:00" testType="13cdc9d9-ddb5-4fa4-a97d-d965ccfc6d4b" outcome="Passed" testListId="8c84fa94-04c1-424b-9868-57a2d4851a1d" relativeResultsDirectory="c75f4b74-d0c2-44e5-8ca5-3d598aaa5cc6" />
    <UnitTestResult executionId="52447f92-d189-4b4d-821b-50d06aebd628" testId="a04b6726-4b33-817c-5ffc-4f2f9093feb9" testName="EAxWiki.Tests.PowerShellRunnerTests.FindPowerShellExecutable_ReturnsPwshWhenAvailable" computerName="DESKTOP-HVR" duration="00:00:00.0012749" startTime="2026-07-16T16:27:35.1397194+02:00" endTime="2026-07-16T16:27:35.1407494+02:00" testType="13cdc9d9-ddb5-4fa4-a97d-d965ccfc6d4b" outcome="Passed" testListId="8c84fa94-04c1-424b-9868-57a2d4851a1d" relativeResultsDirectory="52447f92-d189-4b4d-821b-50d06aebd628" />
    <UnitTestResult executionId="e50f48fd-2919-4d3d-b342-94a415f298be" testId="6423cf63-bde0-c1de-577e-64cb54e22a15" testName="EAxWiki.Tests.ExportIntegrationTests.Export_CreatesPackageIndexFile" computerName="DESKTOP-HVR" duration="00:00:00.0201255" startTime="2026-07-16T16:27:35.4763112+02:00" endTime="2026-07-16T16:27:35.5027088+02:00" testType="13cdc9d9-ddb5-4fa4-a97d-d965ccfc6d4b" outcome="Passed" testListId="8c84fa94-04c1-424b-9868-57a2d4851a1d" relativeResultsDirectory="e50f48fd-2919-4d3d-b342-94a415f298be" />
    <UnitTestResult executionId="5def033e-7f68-4574-8be7-8531035eba10" testId="e2fedad5-6e32-525a-bf5f-ec70707d3baf" testName="EAxWiki.Tests.PipelineResilienceTests.ExportResult_ElapsedTimeGreaterThanZero" computerName="DESKTOP-HVR" duration="00:00:00.0072068" startTime="2026-07-16T16:27:35.5745341+02:00" endTime="2026-07-16T16:27:35.5844000+02:00" testType="13cdc9d9-ddb5-4fa4-a97d-d965ccfc6d4b" outcome="Passed" testListId="8c84fa94-04c1-424b-9868-57a2d4851a1d" relativeResultsDirectory="5def033e-7f68-4574-8be7-8531035eba10" />
    <UnitTestResult executionId="98828ee6-2e97-480f-92f7-9838318d3837" testId="28391b96-71f5-1958-2e10-337667a9713f" testName="EAxWiki.Tests.EaReaderTests.MapPackage_WithLogger_NoWarningsOnValidInput" computerName="DESKTOP-HVR" duration="00:00:00.0118539" startTime="2026-07-16T16:27:36.2712705+02:00" endTime="2026-07-16T16:27:36.2830732+02:00" testType="13cdc9d9-ddb5-4fa4-a97d-d965ccfc6d4b" outcome="Passed" testListId="8c84fa94-04c1-424b-9868-57a2d4851a1d" relativeResultsDirectory="98828ee6-2e97-480f-92f7-9838318d3837" />
    <UnitTestResult executionId="199e146a-861b-4fc6-bcaf-7cb62d93f96d" testId="58cb279d-ee59-769c-5608-d4446576677f" testName="EAxWiki.Tests.ModelHealthExporterTests.Stale_NoStatusSet_IsNotFlaggedEvenIfOld" computerName="DESKTOP-HVR" duration="00:00:00.0013172" startTime="2026-07-16T16:27:35.0513198+02:00" endTime="2026-07-16T16:27:35.0524041+02:00" testType="13cdc9d9-ddb5-4fa4-a97d-d965ccfc6d4b" outcome="Passed" testListId="8c84fa94-04c1-424b-9868-57a2d4851a1d" relativeResultsDirectory="199e146a-861b-4fc6-bcaf-7cb62d93f96d" />
    <UnitTestResult executionId="be45c529-225f-4ac9-9f69-42aad2948d03" testId="5422a9b2-bac2-b238-da64-17928d8c6ee4" testName="EAxWiki.Tests.EaReaderTests.UpdateMethodNotes_WhenNotOpen_Throws" computerName="DESKTOP-HVR" duration="00:00:00.0017738" startTime="2026-07-16T16:27:36.3727004+02:00" endTime="2026-07-16T16:27:36.3740281+02:00" testType="13cdc9d9-ddb5-4fa4-a97d-d965ccfc6d4b" outcome="Passed" testListId="8c84fa94-04c1-424b-9868-57a2d4851a1d" relativeResultsDirectory="be45c529-225f-4ac9-9f69-42aad2948d03" />
    <UnitTestResult executionId="0d69caa7-fb70-4780-a8a0-bca18c153a07" testId="6ce9ba79-73f9-bf4a-d851-7adf95cf0b4d" testName="EAxWiki.Tests.FrontmatterParserTests.NormalizeNotesHtml_StripsEventHandlerAttributes" computerName="DESKTOP-HVR" duration="00:00:00.0129616" startTime="2026-07-16T16:27:35.5376529+02:00" endTime="2026-07-16T16:27:35.5539586+02:00" testType="13cdc9d9-ddb5-4fa4-a97d-d965ccfc6d4b" outcome="Passed" testListId="8c84fa94-04c1-424b-9868-57a2d4851a1d" relativeResultsDirectory="0d69caa7-fb70-4780-a8a0-bca18c153a07" />
    <UnitTestResult executionId="231901d5-e330-4647-aedc-ba9078b7561b" testId="e8c6619b-fa63-5386-99f9-400cdda1d8d0" testName="EAxWiki.Tests.EaReaderTests.UpdateTaggedValueNotes_WhenNotOpen_Throws" computerName="DESKTOP-HVR" duration="00:00:00.0016429" startTime="2026-07-16T16:27:36.2839633+02:00" endTime="2026-07-16T16:27:36.2854798+02:00" testType="13cdc9d9-ddb5-4fa4-a97d-d965ccfc6d4b" outcome="Passed" testListId="8c84fa94-04c1-424b-9868-57a2d4851a1d" relativeResultsDirectory="231901d5-e330-4647-aedc-ba9078b7561b" />
    <UnitTestResult executionId="6e38dd42-1925-41f1-ad04-1803e7aedb57" testId="7ecf239f-984f-fae4-ab87-7dca38ded413" testName="EAxWiki.Tests.ExportValidatorTests.Validate_MultipleFiles_AllChecks" computerName="DESKTOP-HVR" duration="00:00:00.0095529" startTime="2026-07-16T16:27:35.6595068+02:00" endTime="2026-07-16T16:27:35.6671526+02:00" testType="13cdc9d9-ddb5-4fa4-a97d-d965ccfc6d4b" outcome="Passed" testListId="8c84fa94-04c1-424b-9868-57a2d4851a1d" relativeResultsDirectory="6e38dd42-1925-41f1-ad04-1803e7aedb57" />
    <UnitTestResult executionId="694390dc-2520-46d6-a0dc-0022123df93b" testId="7351c260-afdf-30e9-90e3-807a4f10e28c" testName="EAxWiki.Tests.ContextBuilderTests.ConnectorIndexBuilder_ReturnsEmptyForNoConnectors" computerName="DESKTOP-HVR" duration="00:00:00.0309751" startTime="2026-07-16T16:27:35.6807789+02:00" endTime="2026-07-16T16:27:35.7104755+02:00" testType="13cdc9d9-ddb5-4fa4-a97d-d965ccfc6d4b" outcome="Passed" testListId="8c84fa94-04c1-424b-9868-57a2d4851a1d" relativeResultsDirectory="694390dc-2520-46d6-a0dc-0022123df93b" />
    <UnitTestResult executionId="cb851551-f1ae-433d-9b9a-0df22679a339" testId="d8b9061c-72bf-46ef-989a-da6ec8033176" testName="EAxWiki.Tests.PropertyBasedTests.SanitizeForAnchor_AllLowercase" computerName="DESKTOP-HVR" duration="00:00:00.0061678" startTime="2026-07-16T16:27:35.3604507+02:00" endTime="2026-07-16T16:27:35.4327359+02:00" testType="13cdc9d9-ddb5-4fa4-a97d-d965ccfc6d4b" outcome="Passed" testListId="8c84fa94-04c1-424b-9868-57a2d4851a1d" relativeResultsDirectory="cb851551-f1ae-433d-9b9a-0df22679a339">
      <Output>
        <StdOut>Ok, passed 100 tests.</StdOut>
      </Output>
    </UnitTestResult>
    <UnitTestResult executionId="c95fb2d1-90f2-46b5-a30a-50e12ec97039" testId="765ad9a4-a1c1-355d-0674-890ee86d7ffb" testName="EAxWiki.Tests.PowerShellRunnerTests.GetFullPathFromPathEnv_NotFound_ReturnsNull" computerName="DESKTOP-HVR" duration="00:00:00.0008320" startTime="2026-07-16T16:27:35.1332077+02:00" endTime="2026-07-16T16:27:35.1340626+02:00" testType="13cdc9d9-ddb5-4fa4-a97d-d965ccfc6d4b" outcome="Passed" testListId="8c84fa94-04c1-424b-9868-57a2d4851a1d" relativeResultsDirectory="c95fb2d1-90f2-46b5-a30a-50e12ec97039" />
    <UnitTestResult executionId="e1347c5d-310c-47b9-b836-fd00c50ce172" testId="42c2dd18-34e2-7c3c-9df9-ebdfba78b993" testName="EAxWiki.Tests.PropertyBasedTests.EscapeCell_LengthAtLeastInputLength" computerName="DESKTOP-HVR" duration="00:00:00.0044328" startTime="2026-07-16T16:27:36.5935438+02:00" endTime="2026-07-16T16:27:36.5996500+02:00" testType="13cdc9d9-ddb5-4fa4-a97d-d965ccfc6d4b" outcome="Passed" testListId="8c84fa94-04c1-424b-9868-57a2d4851a1d" relativeResultsDirectory="e1347c5d-310c-47b9-b836-fd00c50ce172">
      <Output>
        <StdOut>Ok, passed 100 tests.</StdOut>
      </Output>
    </UnitTestResult>
    <UnitTestResult executionId="2d12e778-7b94-4b2c-bba2-5ba25ace646c" testId="c56a8c52-32b7-9d3b-5510-e28d86d2c96e" testName="EAxWiki.Tests.ConfigTests.Load_ApiPortWithoutApi_NoAutoApiMode" computerName="DESKTOP-HVR" duration="00:00:00.0002986" startTime="2026-07-16T16:27:35.0056673+02:00" endTime="2026-07-16T16:27:35.0057664+02:00" testType="13cdc9d9-ddb5-4fa4-a97d-d965ccfc6d4b" outcome="Passed" testListId="8c84fa94-04c1-424b-9868-57a2d4851a1d" relativeResultsDirectory="2d12e778-7b94-4b2c-bba2-5ba25ace646c" />
    <UnitTestResult executionId="75fe4887-3554-4d73-9a93-f7a4b8510b2f" testId="d9397610-9843-ef5c-c786-2dab11c82557" testName="EAxWiki.Tests.PipelineResilienceTests.ExportResult_ShowsZeroFailuresOnCleanExport" computerName="DESKTOP-HVR" duration="00:00:00.0094137" startTime="2026-07-16T16:27:35.5926192+02:00" endTime="2026-07-16T16:27:35.6018284+02:00" testType="13cdc9d9-ddb5-4fa4-a97d-d965ccfc6d4b" outcome="Passed" testListId="8c84fa94-04c1-424b-9868-57a2d4851a1d" relativeResultsDirectory="75fe4887-3554-4d73-9a93-f7a4b8510b2f" />
    <UnitTestResult executionId="5214ef9b-b4f7-4870-a776-5d50e91da892" testId="d49a55b0-6140-431f-7492-7622c86e6e5d" testName="EAxWiki.Tests.ModelHealthExporterTests.Duplicate_SameNameDifferentPackage_IsNotFlagged" computerName="DESKTOP-HVR" duration="00:00:00.0022388" startTime="2026-07-16T16:27:35.0113285+02:00" endTime="2026-07-16T16:27:35.0150882+02:00" testType="13cdc9d9-ddb5-4fa4-a97d-d965ccfc6d4b" outcome="Passed" testListId="8c84fa94-04c1-424b-9868-57a2d4851a1d" relativeResultsDirectory="5214ef9b-b4f7-4870-a776-5d50e91da892" />
    <UnitTestResult executionId="ce23d330-ffd3-4ad6-b173-1023efe6a73f" testId="0b5f785e-dd5f-94a7-13d4-bd0faf4312b1" testName="EAxWiki.Tests.ElementPageWriterTests.ComputeStatusHash_Consistent" computerName="DESKTOP-HVR" duration="00:00:00.0017425" startTime="2026-07-16T16:27:35.3706166+02:00" endTime="2026-07-16T16:27:35.3722244+02:00" testType="13cdc9d9-ddb5-4fa4-a97d-d965ccfc6d4b" outcome="Passed" testListId="8c84fa94-04c1-424b-9868-57a2d4851a1d" relativeResultsDirectory="ce23d330-ffd3-4ad6-b173-1023efe6a73f" />
    <UnitTestResult executionId="2b716bd6-cf53-43f1-885e-cd57a0ce3b3d" testId="678575a3-fd56-1c2d-c748-d30e1b2976b2" testName="EAxWiki.Tests.EaReaderTests.UpdateAttributeNotes_WhenNotOpen_Throws" computerName="DESKTOP-HVR" duration="00:00:00.0016102" startTime="2026-07-16T16:27:36.3336512+02:00" endTime="2026-07-16T16:27:36.3352724+02:00" testType="13cdc9d9-ddb5-4fa4-a97d-d965ccfc6d4b" outcome="Passed" testListId="8c84fa94-04c1-424b-9868-57a2d4851a1d" relativeResultsDirectory="2b716bd6-cf53-43f1-885e-cd57a0ce3b3d" />
    <UnitTestResult executionId="e57e0291-f37b-4af1-b6e9-b660b9341eca" testId="a5c28972-0732-0eef-cae4-9bdf2fc8fb43" testName="EAxWiki.Tests.ElementPageWriterTests.StatusBadgeRenderer_PlainMode_EmptyStatus_ShowsNotSet" computerName="DESKTOP-HVR" duration="00:00:00.0003037" startTime="2026-07-16T16:27:35.3330258+02:00" endTime="2026-07-16T16:27:35.3331172+02:00" testType="13cdc9d9-ddb5-4fa4-a97d-d965ccfc6d4b" outcome="Passed" testListId="8c84fa94-04c1-424b-9868-57a2d4851a1d" relativeResultsDirectory="e57e0291-f37b-4af1-b6e9-b660b9341eca" />
    <UnitTestResult executionId="c56b8f08-bd11-41ea-8d27-3bfa8a3236ce" testId="9e108526-3235-5314-a035-402288d55cea" testName="EAxWiki.Tests.FrontmatterParserTests.NormalizeNotesHtml_PreservesOrdinaryRichText" computerName="DESKTOP-HVR" duration="00:00:00.1850864" startTime="2026-07-16T16:27:35.3498899+02:00" endTime="2026-07-16T16:27:35.5347540+02:00" testType="13cdc9d9-ddb5-4fa4-a97d-d965ccfc6d4b" outcome="Passed" testListId="8c84fa94-04c1-424b-9868-57a2d4851a1d" relativeResultsDirectory="c56b8f08-bd11-41ea-8d27-3bfa8a3236ce" />
    <UnitTestResult executionId="365bf97d-5f22-43a5-93ed-7e1fa7a385c0" testId="7ed6b3df-d1a6-a94e-5287-9b0f85df96fd" testName="EAxWiki.Tests.MarkdownHelpersTests.ParseStereotype_UnderscoreSeparatorWithLanguageName" computerName="DESKTOP-HVR" duration="00:00:00.0006109" startTime="2026-07-16T16:27:35.1573560+02:00" endTime="2026-07-16T16:27:35.1574947+02:00" testType="13cdc9d9-ddb5-4fa4-a97d-d965ccfc6d4b" outcome="Passed" testListId="8c84fa94-04c1-424b-9868-57a2d4851a1d" relativeResultsDirectory="365bf97d-5f22-43a5-93ed-7e1fa7a385c0" />
    <UnitTestResult executionId="b142bd00-5776-43b9-960d-72012e1ced76" testId="ef1ec15f-fd33-35c5-698e-fffb4aa4645e" testName="EAxWiki.Tests.MarkdownHelpersTests.SanitizeName_WhitespaceOnly_ReturnsUnnamed" computerName="DESKTOP-HVR" duration="00:00:00.0002487" startTime="2026-07-16T16:27:35.1581747+02:00" endTime="2026-07-16T16:27:35.1582674+02:00" testType="13cdc9d9-ddb5-4fa4-a97d-d965ccfc6d4b" outcome="Passed" testListId="8c84fa94-04c1-424b-9868-57a2d4851a1d" relativeResultsDirectory="b142bd00-5776-43b9-960d-72012e1ced76" />
    <UnitTestResult executionId="f7c91287-51e3-4d99-a7ee-8ea61535f9e3" testId="bfcc145f-6296-8e97-fbe7-d43bba623f80" testName="EAxWiki.Tests.ConfigTests.Load_ApiPortFlag_SetsApiPort" computerName="DESKTOP-HVR" duration="00:00:00.0004351" startTime="2026-07-16T16:27:34.9997017+02:00" endTime="2026-07-16T16:27:34.9998225+02:00" testType="13cdc9d9-ddb5-4fa4-a97d-d965ccfc6d4b" outcome="Passed" testListId="8c84fa94-04c1-424b-9868-57a2d4851a1d" relativeResultsDirectory="f7c91287-51e3-4d99-a7ee-8ea61535f9e3" />
    <UnitTestResult executionId="3dfcb590-29ca-4748-8a7f-bedba1c943f1" testId="01fad81f-ed81-f0be-fddd-8f2c29174680" testName="EAxWiki.Tests.ElementPageWriterTests.ComputeNotesHash_Null_ReturnsSameAsEmpty" computerName="DESKTOP-HVR" duration="00:00:00.0001594" startTime="2026-07-16T16:27:35.3102689+02:00" endTime="2026-07-16T16:27:35.3104044+02:00" testType="13cdc9d9-ddb5-4fa4-a97d-d965ccfc6d4b" outcome="Passed" testListId="8c84fa94-04c1-424b-9868-57a2d4851a1d" relativeResultsDirectory="3dfcb590-29ca-4748-8a7f-bedba1c943f1" />
    <UnitTestResult executionId="2a5e9478-ce65-48d5-8a61-23f0eb3c6b98" testId="f1cd54b0-b79b-3f53-8234-cf05a41da195" testName="EAxWiki.Tests.EaReaderTests.UpdateDiagramNotes_WhenNotOpen_Throws" computerName="DESKTOP-HVR" duration="00:00:00.0011306" startTime="2026-07-16T16:27:36.2507172+02:00" endTime="2026-07-16T16:27:36.2518647+02:00" testType="13cdc9d9-ddb5-4fa4-a97d-d965ccfc6d4b" outcome="Passed" testListId="8c84fa94-04c1-424b-9868-57a2d4851a1d" relativeResultsDirectory="2a5e9478-ce65-48d5-8a61-23f0eb3c6b98" />
    <UnitTestResult executionId="73f8c3df-c80b-4aee-8b17-cc86e3f9fc0b" testId="f2ec04cf-e039-d512-61c9-2991192ddf44" testName="EAxWiki.Tests.PowerShellRunnerTests.GetFullPathFromPathEnv_FindsFileInPath" computerName="DESKTOP-HVR" duration="00:00:00.0051522" startTime="2026-07-16T16:27:35.1344145+02:00" endTime="2026-07-16T16:27:35.1393557+02:00" testType="13cdc9d9-ddb5-4fa4-a97d-d965ccfc6d4b" outcome="Passed" testListId="8c84fa94-04c1-424b-9868-57a2d4851a1d" relativeResultsDirectory="73f8c3df-c80b-4aee-8b17-cc86e3f9fc0b" />
    <UnitTestResult executionId="b30465cd-0a83-4fad-ba2d-77a9503cbb15" testId="78248042-3235-0d40-3a2d-330781a2faf6" testName="EAxWiki.Tests.ExportIntegrationTests.Export_ElementPageContainsElementName" computerName="DESKTOP-HVR" duration="00:00:00.0070623" startTime="2026-07-16T16:27:35.5029897+02:00" endTime="2026-07-16T16:27:35.5046877+02:00" testType="13cdc9d9-ddb5-4fa4-a97d-d965ccfc6d4b" outcome="Passed" testListId="8c84fa94-04c1-424b-9868-57a2d4851a1d" relativeResultsDirectory="b30465cd-0a83-4fad-ba2d-77a9503cbb15" />
    <UnitTestResult executionId="081be36a-ab48-424a-a37c-41073c379b01" testId="7ea64443-cc26-b557-d931-d861c1c44950" testName="EAxWiki.Tests.EaReaderTests.MapElement_EmptyCollections_SkipsGracefully" computerName="DESKTOP-HVR" duration="00:00:00.0015016" startTime="2026-07-16T16:27:36.0238205+02:00" endTime="2026-07-16T16:27:36.0249983+02:00" testType="13cdc9d9-ddb5-4fa4-a97d-d965ccfc6d4b" outcome="Passed" testListId="8c84fa94-04c1-424b-9868-57a2d4851a1d" relativeResultsDirectory="081be36a-ab48-424a-a37c-41073c379b01" />
    <UnitTestResult executionId="fc7f7ee3-83d1-497a-8fbe-a9c721601dc8" testId="a16ff3a9-d921-4816-cf1b-c3f0e0e496e7" testName="EAxWiki.Tests.ConfigTests.Load_ForceFlags_SetsForce" computerName="DESKTOP-HVR" duration="00:00:00.0002997" startTime="2026-07-16T16:27:34.9982821+02:00" endTime="2026-07-16T16:27:34.9983736+02:00" testType="13cdc9d9-ddb5-4fa4-a97d-d965ccfc6d4b" outcome="Passed" testListId="8c84fa94-04c1-424b-9868-57a2d4851a1d" relativeResultsDirectory="fc7f7ee3-83d1-497a-8fbe-a9c721601dc8" />
    <UnitTestResult executionId="946cb6cc-e485-4d90-8f24-de778d8b830e" testId="30502746-398a-f186-638f-e5fd588e4323" testName="EAxWiki.Tests.ModelHealthExporterTests.Stale_StatusSetAndModifiedOverThreshold_IsFlagged" computerName="DESKTOP-HVR" duration="00:00:00.0271411" startTime="2026-07-16T16:27:35.0260988+02:00" endTime="2026-07-16T16:27:35.0509427+02:00" testType="13cdc9d9-ddb5-4fa4-a97d-d965ccfc6d4b" outcome="Passed" testListId="8c84fa94-04c1-424b-9868-57a2d4851a1d" relativeResultsDirectory="946cb6cc-e485-4d90-8f24-de778d8b830e" />
    <UnitTestResult executionId="b9ac2bc3-c698-4fae-840d-ccf6861eb13a" testId="2d60ed25-3cba-9270-48e4-4f8aef86abe2" testName="EAxWiki.Tests.FileOutputWriterTests.WriteFileAsync_EmptyContent_WritesEmptyFile" computerName="DESKTOP-HVR" duration="00:00:00.1395704" startTime="2026-07-16T16:27:35.7198364+02:00" endTime="2026-07-16T16:27:35.9165740+02:00" testType="13cdc9d9-ddb5-4fa4-a97d-d965ccfc6d4b" outcome="Passed" testListId="8c84fa94-04c1-424b-9868-57a2d4851a1d" relativeResultsDirectory="b9ac2bc3-c698-4fae-840d-ccf6861eb13a" />
    <UnitTestResult executionId="25b038a5-dd9a-4fab-bbef-796af56823c4" testId="39cbc833-56cd-e126-e742-24a27f065a1c" testName="EAxWiki.Tests.ExportValidatorTests.Validate_ExistingImage_NoWarning" computerName="DESKTOP-HVR" duration="00:00:00.0075951" startTime="2026-07-16T16:27:35.6588301+02:00" endTime="2026-07-16T16:27:35.6592274+02:00" testType="13cdc9d9-ddb5-4fa4-a97d-d965ccfc6d4b" outcome="Passed" testListId="8c84fa94-04c1-424b-9868-57a2d4851a1d" relativeResultsDirectory="25b038a5-dd9a-4fab-bbef-796af56823c4" />
    <UnitTestResult executionId="060687d2-51ef-4e62-b75a-6deed52c1965" testId="eea90369-91b1-6f8d-0b49-0875b612e3e7" testName="EAxWiki.Tests.ExportValidatorTests.Validate_ValidElementPage_ReturnsPassed" computerName="DESKTOP-HVR" duration="00:00:00.0046895" startTime="2026-07-16T16:27:35.6682655+02:00" endTime="2026-07-16T16:27:35.6683573+02:00" testType="13cdc9d9-ddb5-4fa4-a97d-d965ccfc6d4b" outcome="Passed" testListId="8c84fa94-04c1-424b-9868-57a2d4851a1d" relativeResultsDirectory="060687d2-51ef-4e62-b75a-6deed52c1965" />
    <UnitTestResult executionId="79a18616-5e47-4043-927d-473de4d49299" testId="5ed85aa4-bf3f-5ad3-e74b-c57385c29277" testName="EAxWiki.Tests.FrontmatterParserTests.Parse_ReturnsScalarValues" computerName="DESKTOP-HVR" duration="00:00:00.0038115" startTime="2026-07-16T16:27:35.5842517+02:00" endTime="2026-07-16T16:27:35.5849883+02:00" testType="13cdc9d9-ddb5-4fa4-a97d-d965ccfc6d4b" outcome="Passed" testListId="8c84fa94-04c1-424b-9868-57a2d4851a1d" relativeResultsDirectory="79a18616-5e47-4043-927d-473de4d49299" />
    <UnitTestResult executionId="45fb4258-162a-4212-9943-629bed2216b0" testId="2dab2766-5f25-f2eb-450b-5e8b126e2f66" testName="EAxWiki.Tests.ModelHealthExporterTests.NoIssues_ReportsCleanState" computerName="DESKTOP-HVR" duration="00:00:00.1529944" startTime="2026-07-16T16:27:34.8162258+02:00" endTime="2026-07-16T16:27:35.0078329+02:00" testType="13cdc9d9-ddb5-4fa4-a97d-d965ccfc6d4b" outcome="Passed" testListId="8c84fa94-04c1-424b-9868-57a2d4851a1d" relativeResultsDirectory="45fb4258-162a-4212-9943-629bed2216b0" />
    <UnitTestResult executionId="8988bcad-da25-47a7-b762-f13028016366" testId="a1e0884a-39dc-8e52-39fa-9842e42da63d" testName="EAxWiki.Tests.ElementPageWriterTests.AttributesSectionRenderer_RichMode_ReturnsHtmlTable" computerName="DESKTOP-HVR" duration="00:00:00.0038795" startTime="2026-07-16T16:27:35.3110255+02:00" endTime="2026-07-16T16:27:35.3145433+02:00" testType="13cdc9d9-ddb5-4fa4-a97d-d965ccfc6d4b" outcome="Passed" testListId="8c84fa94-04c1-424b-9868-57a2d4851a1d" relativeResultsDirectory="8988bcad-da25-47a7-b762-f13028016366" />
    <UnitTestResult executionId="e91c405a-6946-4f4b-8bd7-28a981bf5dbe" testId="9576e098-d646-5960-92cf-530540254f47" testName="EAxWiki.Tests.EaReaderTests.UpdateElementStatus_WhenNotOpen_Throws" computerName="DESKTOP-HVR" duration="00:00:00.0013345" startTime="2026-07-16T16:27:36.4415691+02:00" endTime="2026-07-16T16:27:36.4425777+02:00" testType="13cdc9d9-ddb5-4fa4-a97d-d965ccfc6d4b" outcome="Passed" testListId="8c84fa94-04c1-424b-9868-57a2d4851a1d" relativeResultsDirectory="e91c405a-6946-4f4b-8bd7-28a981bf5dbe" />
    <UnitTestResult executionId="f2381663-b24b-45e8-9860-d51f8bf4f418" testId="d7f2e0dc-1640-9521-de83-b23af3b9fbe8" testName="EAxWiki.Tests.EaReaderTests.Open_WhitespaceConnectionString_ThrowsArgument" computerName="DESKTOP-HVR" duration="00:00:00.0018572" startTime="2026-07-16T16:27:36.0253038+02:00" endTime="2026-07-16T16:27:36.0269814+02:00" testType="13cdc9d9-ddb5-4fa4-a97d-d965ccfc6d4b" outcome="Passed" testListId="8c84fa94-04c1-424b-9868-57a2d4851a1d" relativeResultsDirectory="f2381663-b24b-45e8-9860-d51f8bf4f418" />
    <UnitTestResult executionId="e4ead886-fd85-4a6f-b502-0af5c74db1ed" testId="780aff8b-9595-85f6-29e0-dde2c432d6a5" testName="EAxWiki.Tests.ElementPageWriterTests.RelationshipsTableRenderer_Empty_ReturnsNothing" computerName="DESKTOP-HVR" duration="00:00:00.0002043" startTime="2026-07-16T16:27:35.3729737+02:00" endTime="2026-07-16T16:27:35.3730735+02:00" testType="13cdc9d9-ddb5-4fa4-a97d-d965ccfc6d4b" outcome="Passed" testListId="8c84fa94-04c1-424b-9868-57a2d4851a1d" relativeResultsDirectory="e4ead886-fd85-4a6f-b502-0af5c74db1ed" />
    <UnitTestResult executionId="9d20c668-af8a-4a11-89b3-772da27caaa3" testId="e89dd076-b8a6-b760-4a0d-23a0566c405a" testName="EAxWiki.Tests.EaRepositoryTests.Redact_PwdField_ReplacedWithAsterisks" computerName="DESKTOP-HVR" duration="00:00:00.0001827" startTime="2026-07-16T16:27:34.9804352+02:00" endTime="2026-07-16T16:27:34.9805277+02:00" testType="13cdc9d9-ddb5-4fa4-a97d-d965ccfc6d4b" outcome="Passed" testListId="8c84fa94-04c1-424b-9868-57a2d4851a1d" relativeResultsDirectory="9d20c668-af8a-4a11-89b3-772da27caaa3" />
    <UnitTestResult executionId="fff941db-ef49-4c07-b62d-a1d2b5518ec0" testId="ff3711d2-b0ff-3b41-7269-35124aca2af8" testName="EAxWiki.Tests.FileOutputWriterTests.WriteFileAsync_CancelledToken_Throws" computerName="DESKTOP-HVR" duration="00:00:00.0035376" startTime="2026-07-16T16:27:35.7161183+02:00" endTime="2026-07-16T16:27:35.7195130+02:00" testType="13cdc9d9-ddb5-4fa4-a97d-d965ccfc6d4b" outcome="Passed" testListId="8c84fa94-04c1-424b-9868-57a2d4851a1d" relativeResultsDirectory="fff941db-ef49-4c07-b62d-a1d2b5518ec0" />
    <UnitTestResult executionId="ffaf39b1-3329-403f-97e5-d3ba4edb3ddf" testId="100b24e6-564c-acb7-86d6-db0613460f8c" testName="EAxWiki.Tests.PropertyBasedTests.SanitizeName_ContainsNoInvalidChars" computerName="DESKTOP-HVR" duration="00:00:00.0059175" startTime="2026-07-16T16:27:36.1184053+02:00" endTime="2026-07-16T16:27:36.1248432+02:00" testType="13cdc9d9-ddb5-4fa4-a97d-d965ccfc6d4b" outcome="Passed" testListId="8c84fa94-04c1-424b-9868-57a2d4851a1d" relativeResultsDirectory="ffaf39b1-3329-403f-97e5-d3ba4edb3ddf">
      <Output>
        <StdOut>Ok, passed 100 tests.</StdOut>
      </Output>
    </UnitTestResult>
    <UnitTestResult executionId="4a6c4535-4876-4be0-a810-fc2a897e2e88" testId="51e4006c-f541-7cfc-286a-81d1418a2023" testName="EAxWiki.Tests.PipelineResilienceTests.ExportAsync_RootIndex_AlwaysWritten" computerName="DESKTOP-HVR" duration="00:00:00.0079069" startTime="2026-07-16T16:27:35.5282937+02:00" endTime="2026-07-16T16:27:35.5356955+02:00" testType="13cdc9d9-ddb5-4fa4-a97d-d965ccfc6d4b" outcome="Passed" testListId="8c84fa94-04c1-424b-9868-57a2d4851a1d" relativeResultsDirectory="4a6c4535-4876-4be0-a810-fc2a897e2e88" />
    <UnitTestResult executionId="a4538280-223a-40c8-90be-2c0f52558684" testId="57b2e279-756e-73ed-d3de-a55617b795f1" testName="EAxWiki.Tests.PipelineResilienceTests.ExportAsync_CancellationDuringElementProcessing_Aborts" computerName="DESKTOP-HVR" duration="00:00:00.0042352" startTime="2026-07-16T16:27:35.6071683+02:00" endTime="2026-07-16T16:27:35.6112043+02:00" testType="13cdc9d9-ddb5-4fa4-a97d-d965ccfc6d4b" outcome="Passed" testListId="8c84fa94-04c1-424b-9868-57a2d4851a1d" relativeResultsDirectory="a4538280-223a-40c8-90be-2c0f52558684" />
    <UnitTestResult executionId="e4fc9404-900a-4fd7-a886-655414a70d7b" testId="492f46ab-46be-a97d-d5d2-ddbd68163e7b" testName="EAxWiki.Tests.ExportValidatorTests.Validate_EmptyFile_ReturnsError" computerName="DESKTOP-HVR" duration="00:00:00.0067513" startTime="2026-07-16T16:27:35.6568427+02:00" endTime="2026-07-16T16:27:35.6585437+02:00" testType="13cdc9d9-ddb5-4fa4-a97d-d965ccfc6d4b" outcome="Passed" testListId="8c84fa94-04c1-424b-9868-57a2d4851a1d" relativeResultsDirectory="e4fc9404-900a-4fd7-a886-655414a70d7b" />
    <UnitTestResult executionId="58ad1182-7667-4343-8b6e-99eb04bbcddb" testId="632d34c5-4ab3-2180-9770-b017c0d13e23" testName="EAxWiki.Tests.ModelHealthExporterTests.MissingDescription_EmptyOrWhitespaceOnlyNotes_IsFlagged(notes: &quot;&lt;p&gt;&lt;/p&gt;&quot;)" computerName="DESKTOP-HVR" duration="00:00:00.0006807" startTime="2026-07-16T16:27:35.0249751+02:00" endTime="2026-07-16T16:27:35.0251182+02:00" testType="13cdc9d9-ddb5-4fa4-a97d-d965ccfc6d4b" outcome="Passed" testListId="8c84fa94-04c1-424b-9868-57a2d4851a1d" relativeResultsDirectory="58ad1182-7667-4343-8b6e-99eb04bbcddb" />
    <UnitTestResult executionId="0a423582-fe65-462b-9c9b-9d4abeef7e4a" testId="f459b494-7b43-f231-ed22-f66e3a117231" testName="EAxWiki.Tests.MarkdownHelpersTests.SanitizeName_TrimsWhitespace" computerName="DESKTOP-HVR" duration="00:00:00.0001599" startTime="2026-07-16T16:27:35.1559352+02:00" endTime="2026-07-16T16:27:35.1560174+02:00" testType="13cdc9d9-ddb5-4fa4-a97d-d965ccfc6d4b" outcome="Passed" testListId="8c84fa94-04c1-424b-9868-57a2d4851a1d" relativeResultsDirectory="0a423582-fe65-462b-9c9b-9d4abeef7e4a" />
    <UnitTestResult executionId="c292beec-d4a3-4dec-8aa9-a0b3e89cc709" testId="7f8bde50-79b2-5162-a22e-893951f38d61" testName="EAxWiki.Tests.ConfigTests.Load_UnknownFlag_Ignored" computerName="DESKTOP-HVR" duration="00:00:00.0001486" startTime="2026-07-16T16:27:34.9975995+02:00" endTime="2026-07-16T16:27:34.9976774+02:00" testType="13cdc9d9-ddb5-4fa4-a97d-d965ccfc6d4b" outcome="Passed" testListId="8c84fa94-04c1-424b-9868-57a2d4851a1d" relativeResultsDirectory="c292beec-d4a3-4dec-8aa9-a0b3e89cc709" />
    <UnitTestResult executionId="68f5c7eb-d993-4f6f-bfc3-7e87223c41d1" testId="42239025-450c-2143-f1e0-d2b5a4269218" testName="EAxWiki.Tests.PropertyBasedTests.SanitizeForAnchor_NeverReturnsNull" computerName="DESKTOP-HVR" duration="00:00:00.0057121" startTime="2026-07-16T16:27:36.1924397+02:00" endTime="2026-07-16T16:27:36.1997587+02:00" testType="13cdc9d9-ddb5-4fa4-a97d-d965ccfc6d4b" outcome="Passed" testListId="8c84fa94-04c1-424b-9868-57a2d4851a1d" relativeResultsDirectory="68f5c7eb-d993-4f6f-bfc3-7e87223c41d1">
      <Output>
        <StdOut>Ok, passed 100 tests.</StdOut>
      </Output>
    </UnitTestResult>
    <UnitTestResult executionId="ac8e6259-e850-4444-b4fa-b00b0a5cf554" testId="518ea7a1-bce4-454d-2cc3-f2556aa641a8" testName="EAxWiki.Tests.PropertyBasedTests.ComputeNotesHash_Returns8CharHex" computerName="DESKTOP-HVR" duration="00:00:00.2333518" startTime="2026-07-16T16:27:34.8087838+02:00" endTime="2026-07-16T16:27:35.3580888+02:00" testType="13cdc9d9-ddb5-4fa4-a97d-d965ccfc6d4b" outcome="Passed" testListId="8c84fa94-04c1-424b-9868-57a2d4851a1d" relativeResultsDirectory="ac8e6259-e850-4444-b4fa-b00b0a5cf554">
      <Output>
        <StdOut>Ok, passed 100 tests.</StdOut>
      </Output>
    </UnitTestResult>
    <UnitTestResult executionId="4a613b12-172c-4284-9588-0ec9988b9f88" testId="2ceade6a-f88e-c423-adf6-d3df52bb8d52" testName="EAxWiki.Tests.ConfigTests.Load_OutputShort_SetsOutputPath" computerName="DESKTOP-HVR" duration="00:00:00.0001673" startTime="2026-07-16T16:27:35.0014460+02:00" endTime="2026-07-16T16:27:35.0015352+02:00" testType="13cdc9d9-ddb5-4fa4-a97d-d965ccfc6d4b" outcome="Passed" testListId="8c84fa94-04c1-424b-9868-57a2d4851a1d" relativeResultsDirectory="4a613b12-172c-4284-9588-0ec9988b9f88" />
    <UnitTestResult executionId="62f6789d-6fe6-4546-b4fe-a0126364c82f" testId="07050483-aa8c-53ce-72da-84878b062215" testName="EAxWiki.Tests.ElementPageWriterTests.TaggedValuesSectionRenderer_PlainMode_ReturnsMarkdownTable" computerName="DESKTOP-HVR" duration="00:00:00.0101040" startTime="2026-07-16T16:27:35.3106818+02:00" endTime="2026-07-16T16:27:35.3107699+02:00" testType="13cdc9d9-ddb5-4fa4-a97d-d965ccfc6d4b" outcome="Passed" testListId="8c84fa94-04c1-424b-9868-57a2d4851a1d" relativeResultsDirectory="62f6789d-6fe6-4546-b4fe-a0126364c82f" />
    <UnitTestResult executionId="184b6aa4-94ce-41d6-9fc6-5cc50ae5f1e4" testId="177594a5-631a-8036-3346-9d3ba46d9cf0" testName="EAxWiki.Tests.ConfigTests.Load_WikiPortFlag_SetsWikiPort" computerName="DESKTOP-HVR" duration="00:00:00.0002865" startTime="2026-07-16T16:27:35.0017935+02:00" endTime="2026-07-16T16:27:35.0018820+02:00" testType="13cdc9d9-ddb5-4fa4-a97d-d965ccfc6d4b" outcome="Passed" testListId="8c84fa94-04c1-424b-9868-57a2d4851a1d" relativeResultsDirectory="184b6aa4-94ce-41d6-9fc6-5cc50ae5f1e4" />
    <UnitTestResult executionId="2deeffe6-584c-41ad-a4d0-e42c6d71bd13" testId="390ba616-df64-e3be-1af0-6ce0d0a44a89" testName="EAxWiki.Tests.EaRepositoryTests.Redact_OracleParenthesizedPassword_CaseInsensitive" computerName="DESKTOP-HVR" duration="00:00:00.0002188" startTime="2026-07-16T16:27:34.9811766+02:00" endTime="2026-07-16T16:27:34.9812693+02:00" testType="13cdc9d9-ddb5-4fa4-a97d-d965ccfc6d4b" outcome="Passed" testListId="8c84fa94-04c1-424b-9868-57a2d4851a1d" relativeResultsDirectory="2deeffe6-584c-41ad-a4d0-e42c6d71bd13" />
    <UnitTestResult executionId="ae31ec2a-f5d4-49a2-957d-1cc6bc264d4d" testId="79397c68-6cc4-1480-f7e8-49993601bf87" testName="EAxWiki.Tests.ElementPageWriterTests.NotesWidgetRenderer_PlainMode_EmptyNotes_ReturnsEmpty" computerName="DESKTOP-HVR" duration="00:00:00.0004174" startTime="2026-07-16T16:27:35.3725841+02:00" endTime="2026-07-16T16:27:35.3727090+02:00" testType="13cdc9d9-ddb5-4fa4-a97d-d965ccfc6d4b" outcome="Passed" testListId="8c84fa94-04c1-424b-9868-57a2d4851a1d" relativeResultsDirectory="ae31ec2a-f5d4-49a2-957d-1cc6bc264d4d" />
    <UnitTestResult executionId="e7fcdb86-d899-4f91-87ee-bf3b35efd594" testId="d4162adb-f43e-5a8f-d2c4-1110baa247f9" testName="EAxWiki.Tests.EaReaderTests.RepositoryPath_WhenNotOpen_IsEmpty" computerName="DESKTOP-HVR" duration="00:00:00.0004807" startTime="2026-07-16T16:27:36.2923815+02:00" endTime="2026-07-16T16:27:36.2924773+02:00" testType="13cdc9d9-ddb5-4fa4-a97d-d965ccfc6d4b" outcome="Passed" testListId="8c84fa94-04c1-424b-9868-57a2d4851a1d" relativeResultsDirectory="e7fcdb86-d899-4f91-87ee-bf3b35efd594" />
    <UnitTestResult executionId="ba7168c6-11d3-40b7-b61e-cb013208205f" testId="bfbaccc4-a0b5-ed46-d374-0141780a92e4" testName="EAxWiki.Tests.FrontmatterParserTests.Parse_ParsesStatusOptionsAsCommaSeparatedList" computerName="DESKTOP-HVR" duration="00:00:00.0495357" startTime="2026-07-16T16:27:35.3102299+02:00" endTime="2026-07-16T16:27:35.3495710+02:00" testType="13cdc9d9-ddb5-4fa4-a97d-d965ccfc6d4b" outcome="Passed" testListId="8c84fa94-04c1-424b-9868-57a2d4851a1d" relativeResultsDirectory="ba7168c6-11d3-40b7-b61e-cb013208205f" />
    <UnitTestResult executionId="f44e5d69-2f91-4385-a0c3-07ccd4261056" testId="5eefeecd-aad4-cb50-4c6d-ab51e264c288" testName="EAxWiki.Tests.PipelineResilienceTests.NonForceMode_PreservesExistingFiles" computerName="DESKTOP-HVR" duration="00:00:00.0045554" startTime="2026-07-16T16:27:35.4664992+02:00" endTime="2026-07-16T16:27:35.4707536+02:00" testType="13cdc9d9-ddb5-4fa4-a97d-d965ccfc6d4b" outcome="Passed" testListId="8c84fa94-04c1-424b-9868-57a2d4851a1d" relativeResultsDirectory="f44e5d69-2f91-4385-a0c3-07ccd4261056" />
[...]
    <TestEntry testId="07050483-aa8c-53ce-72da-84878b062215" executionId="62f6789d-6fe6-4546-b4fe-a0126364c82f" testListId="8c84fa94-04c1-424b-9868-57a2d4851a1d" />
    <TestEntry testId="177594a5-631a-8036-3346-9d3ba46d9cf0" executionId="184b6aa4-94ce-41d6-9fc6-5cc50ae5f1e4" testListId="8c84fa94-04c1-424b-9868-57a2d4851a1d" />
    <TestEntry testId="390ba616-df64-e3be-1af0-6ce0d0a44a89" executionId="2deeffe6-584c-41ad-a4d0-e42c6d71bd13" testListId="8c84fa94-04c1-424b-9868-57a2d4851a1d" />
    <TestEntry testId="79397c68-6cc4-1480-f7e8-49993601bf87" executionId="ae31ec2a-f5d4-49a2-957d-1cc6bc264d4d" testListId="8c84fa94-04c1-424b-9868-57a2d4851a1d" />
    <TestEntry testId="d4162adb-f43e-5a8f-d2c4-1110baa247f9" executionId="e7fcdb86-d899-4f91-87ee-bf3b35efd594" testListId="8c84fa94-04c1-424b-9868-57a2d4851a1d" />
    <TestEntry testId="bfbaccc4-a0b5-ed46-d374-0141780a92e4" executionId="ba7168c6-11d3-40b7-b61e-cb013208205f" testListId="8c84fa94-04c1-424b-9868-57a2d4851a1d" />
    <TestEntry testId="5eefeecd-aad4-cb50-4c6d-ab51e264c288" executionId="f44e5d69-2f91-4385-a0c3-07ccd4261056" testListId="8c84fa94-04c1-424b-9868-57a2d4851a1d" />
    <TestEntry testId="98574750-2e7d-9990-04eb-ab8944e4acb9" executionId="80e91344-a891-4178-8cbf-b56647efa52d" testListId="8c84fa94-04c1-424b-9868-57a2d4851a1d" />
    <TestEntry testId="2353fcf1-e3f5-30fa-fcc8-f9ef7734cb31" executionId="bb0ce6a0-24d9-4ba1-badb-608311ee1ab8" testListId="8c84fa94-04c1-424b-9868-57a2d4851a1d" />
    <TestEntry testId="bc5f2a1b-e7a3-f08f-3fbd-c83a00254679" executionId="fac316d5-5462-45f7-9705-dc140c6549cf" testListId="8c84fa94-04c1-424b-9868-57a2d4851a1d" />
    <TestEntry testId="0aa1409b-7f04-cfc8-73d5-8e9aad9c03e0" executionId="e815839f-0ed7-44d7-adbc-3d4c866ffdb3" testListId="8c84fa94-04c1-424b-9868-57a2d4851a1d" />
    <TestEntry testId="8fa54a6c-ffd9-7544-9e66-6812853d692f" executionId="9b495783-fb1f-40b0-b3bb-2aa2888941f3" testListId="8c84fa94-04c1-424b-9868-57a2d4851a1d" />
    <TestEntry testId="d3e02a3d-fd01-2a68-8d5f-a8fd6a3f0756" executionId="e89ea75b-e78e-4d5b-b138-559e7c7695cc" testListId="8c84fa94-04c1-424b-9868-57a2d4851a1d" />
    <TestEntry testId="2da70148-2bb2-d730-fa92-0f30d59dba48" executionId="9f9d9256-7abf-4bb8-b11e-a65cdcf3fc30" testListId="8c84fa94-04c1-424b-9868-57a2d4851a1d" />
    <TestEntry testId="c881b641-a3f4-3b1d-5860-fe68363b4d2f" executionId="17db3bde-dfbb-4f41-898d-19cea5075e80" testListId="8c84fa94-04c1-424b-9868-57a2d4851a1d" />
    <TestEntry testId="1026090b-12d3-073c-7cad-86935cb78696" executionId="6fe8b344-bab1-4045-ae00-1dbc74a17727" testListId="8c84fa94-04c1-424b-9868-57a2d4851a1d" />
    <TestEntry testId="7cbd46df-d1cf-0c88-33fe-b14bc4f48465" executionId="0fca23ae-d0ae-48db-8bfc-59b058b1aa58" testListId="8c84fa94-04c1-424b-9868-57a2d4851a1d" />
    <TestEntry testId="115ce671-acc7-d93c-5799-12f701282cf1" executionId="5ea96daa-531f-4bc7-a556-12c222a8ed3d" testListId="8c84fa94-04c1-424b-9868-57a2d4851a1d" />
    <TestEntry testId="071312b6-cf77-33ab-926d-2e4a0e303191" executionId="0e2991d4-be7b-4912-8b1e-b7f620622b91" testListId="8c84fa94-04c1-424b-9868-57a2d4851a1d" />
    <TestEntry testId="9499acdd-4a94-ae96-5724-229335461ded" executionId="4cf8a511-4fed-44ee-ac28-87953ac55758" testListId="8c84fa94-04c1-424b-9868-57a2d4851a1d" />
    <TestEntry testId="1dbdf19b-943a-568a-d7c8-cb604d6783ec" executionId="39032f64-d618-45ff-bbc7-de61cf20f5b7" testListId="8c84fa94-04c1-424b-9868-57a2d4851a1d" />
    <TestEntry testId="f056c357-3d28-c6af-dc2b-08b76824b507" executionId="4e12a5cb-f915-444c-83ac-b58f1a9e2829" testListId="8c84fa94-04c1-424b-9868-57a2d4851a1d" />
    <TestEntry testId="8d4eefbe-1e90-919b-c95c-750c6a2dceb4" executionId="106408c5-92fe-484d-a0c2-e5bbba08244c" testListId="8c84fa94-04c1-424b-9868-57a2d4851a1d" />
    <TestEntry testId="518df09c-e50d-bb4c-6124-f4d1cc79ab6c" executionId="320b7434-1653-40f5-893f-80c8701f2914" testListId="8c84fa94-04c1-424b-9868-57a2d4851a1d" />
    <TestEntry testId="7f53e93d-2eb4-e6fe-5a38-6e4a2fd583e4" executionId="ab5af1a3-c98e-49d6-8ec0-45cdf0281d77" testListId="8c84fa94-04c1-424b-9868-57a2d4851a1d" />
    <TestEntry testId="232bb0ab-dbe5-fe41-46c7-a318b01f4260" executionId="c40f4489-37dd-4159-97e9-f6bde7c9e5df" testListId="8c84fa94-04c1-424b-9868-57a2d4851a1d" />
    <TestEntry testId="5ce9a53a-fc3b-07e9-a415-cb857cd6028b" executionId="d374b92f-e5b6-41ac-81e1-942fa33cc74a" testListId="8c84fa94-04c1-424b-9868-57a2d4851a1d" />
    <TestEntry testId="6f3eeb27-7ce6-991e-3687-90623f0b45af" executionId="97050a7b-4890-4f3c-a503-74edf348bc53" testListId="8c84fa94-04c1-424b-9868-57a2d4851a1d" />
    <TestEntry testId="9327d30f-e722-bd55-2777-05b33b4d09e4" executionId="6a75b1ca-2ab0-43af-ab1e-6841c0457221" testListId="8c84fa94-04c1-424b-9868-57a2d4851a1d" />
    <TestEntry testId="c0939957-06c4-3ed0-229d-d611b618cff6" executionId="4002c939-1512-4d97-b442-527e639e3d1e" testListId="8c84fa94-04c1-424b-9868-57a2d4851a1d" />
    <TestEntry testId="40b153d9-f384-4f67-91a4-70f16e3e7a5a" executionId="f1e1657e-ac38-45ce-bdb6-69d80249492c" testListId="8c84fa94-04c1-424b-9868-57a2d4851a1d" />
    <TestEntry testId="7eea762b-6492-fe58-4454-6817fea2862e" executionId="cf678c87-9e30-4090-9043-89874af6323c" testListId="8c84fa94-04c1-424b-9868-57a2d4851a1d" />
    <TestEntry testId="17b4c66f-43b3-c001-12e4-496512cefca6" executionId="0e67f211-8ced-44f5-b564-04785f1cb5e0" testListId="8c84fa94-04c1-424b-9868-57a2d4851a1d" />
    <TestEntry testId="18758cc1-1dbe-0e40-33f3-32a5d136eed5" executionId="e4253cbf-02da-42a4-a025-642e1b68ff09" testListId="8c84fa94-04c1-424b-9868-57a2d4851a1d" />
    <TestEntry testId="8c5389fe-5625-2585-e775-035d52b8d7f4" executionId="d610a09f-caf6-444d-aadc-306fc04d22d8" testListId="8c84fa94-04c1-424b-9868-57a2d4851a1d" />
    <TestEntry testId="d89fac4a-d84a-2529-fd63-74d656513745" executionId="a921fef0-8c46-4c7d-af1b-d6f21ade17a4" testListId="8c84fa94-04c1-424b-9868-57a2d4851a1d" />
    <TestEntry testId="9d812660-dcf7-86a5-028f-2da73ab127ef" executionId="ec91ad32-eec1-4ada-97dc-a2bafef0134a" testListId="8c84fa94-04c1-424b-9868-57a2d4851a1d" />
    <TestEntry testId="454de27d-ecae-7cb1-fe58-f19307cfda2a" executionId="3611c4fd-c9f8-4ce5-b6d2-affb61099313" testListId="8c84fa94-04c1-424b-9868-57a2d4851a1d" />
    <TestEntry testId="10cf2a73-ed79-4acf-eb14-f012dab03fbb" executionId="39d33f0b-10b4-47c5-81b4-72d90464f7c1" testListId="8c84fa94-04c1-424b-9868-57a2d4851a1d" />
    <TestEntry testId="4e5780e8-67a7-7174-78a8-b549749b79b8" executionId="3cecf26c-cc73-490c-bce8-b5cdfb5d8523" testListId="8c84fa94-04c1-424b-9868-57a2d4851a1d" />
    <TestEntry testId="79e34b1d-5698-d988-07d7-b1036a089f6e" executionId="cbd830e6-c6ff-46e1-920b-58e4ddd745c9" testListId="8c84fa94-04c1-424b-9868-57a2d4851a1d" />
    <TestEntry testId="5cf1d23f-c29e-ae58-ac04-e4eeedf8dbab" executionId="34538be1-906b-42b3-9f91-61fc83488853" testListId="8c84fa94-04c1-424b-9868-57a2d4851a1d" />
    <TestEntry testId="93c98aa1-295d-4711-f9f5-836516ed87dd" executionId="c16e8c7a-447c-4af1-ab41-a1ba6586457e" testListId="8c84fa94-04c1-424b-9868-57a2d4851a1d" />
    <TestEntry testId="d1a88b30-d92e-9af8-4037-9a0b276cdd0b" executionId="353eea76-1b4c-481a-b2af-c59f59e9068e" testListId="8c84fa94-04c1-424b-9868-57a2d4851a1d" />
    <TestEntry testId="a63c2927-4077-6302-1019-c0a82598ffe1" executionId="f98faede-a21f-432c-b672-fbb4cbd47aac" testListId="8c84fa94-04c1-424b-9868-57a2d4851a1d" />
    <TestEntry testId="cb5a72e6-e83f-1485-581f-e61498ed130f" executionId="b10cf4b2-af4f-4f78-98c4-534d95eb3d8a" testListId="8c84fa94-04c1-424b-9868-57a2d4851a1d" />
    <TestEntry testId="9b97c565-184a-14d6-31e9-916d560922aa" executionId="e7068f5d-0219-4a42-9530-a4734fdbcd95" testListId="8c84fa94-04c1-424b-9868-57a2d4851a1d" />
    <TestEntry testId="461c4558-4062-edd9-7d7f-a49ced2a45e8" executionId="e4b2c2c9-f388-4b3a-bc67-3adae7e37542" testListId="8c84fa94-04c1-424b-9868-57a2d4851a1d" />
    <TestEntry testId="13b5557c-5c97-0c4e-76ec-972739251ce8" executionId="f36bb591-9c2d-4c78-9c96-59e6f6375a0d" testListId="8c84fa94-04c1-424b-9868-57a2d4851a1d" />
    <TestEntry testId="8ba8131d-dc50-6599-9ad7-21556e1fa9b2" executionId="4e64f140-5ea6-4110-8a9b-d29d734d0459" testListId="8c84fa94-04c1-424b-9868-57a2d4851a1d" />
    <TestEntry testId="3ee247e0-44e8-cb05-4629-ec0b839e2232" executionId="475d5fc0-8e45-4730-8d61-0313e06db763" testListId="8c84fa94-04c1-424b-9868-57a2d4851a1d" />
    <TestEntry testId="367e9878-2504-aa18-b71f-ab91b3a73dca" executionId="e24d35f7-529d-41d4-85f0-b9b4ca6270e7" testListId="8c84fa94-04c1-424b-9868-57a2d4851a1d" />
    <TestEntry testId="12a3480f-6da7-57f8-481a-adcd48ef2f0d" executionId="94258fc2-84a8-40fb-a2cc-31ddae211694" testListId="8c84fa94-04c1-424b-9868-57a2d4851a1d" />
    <TestEntry testId="dfd5cd99-d984-ff1a-a6ff-38c213f2e35f" executionId="d7bb25d3-3999-478a-9e95-169031a52842" testListId="8c84fa94-04c1-424b-9868-57a2d4851a1d" />
    <TestEntry testId="17dd231f-02e0-a92c-2efd-a46f476d5e2d" executionId="f9393d11-9468-4454-a41c-67c2d1923260" testListId="8c84fa94-04c1-424b-9868-57a2d4851a1d" />
    <TestEntry testId="3058f6b5-42d7-1932-56db-028960e5fe60" executionId="789ad404-5c60-4883-a897-944bb2613b1d" testListId="8c84fa94-04c1-424b-9868-57a2d4851a1d" />
    <TestEntry testId="1454e3f4-ce5b-36e8-d8eb-ddcc40253d68" executionId="dc96ffd6-9549-448c-adb8-dac8a01cdc3a" testListId="8c84fa94-04c1-424b-9868-57a2d4851a1d" />
    <TestEntry testId="ba21933f-10d1-53c5-2b80-a7c91bbc6d87" executionId="83f0929c-993c-43e5-b0e9-476aa25463ff" testListId="8c84fa94-04c1-424b-9868-57a2d4851a1d" />
    <TestEntry testId="171f836b-d8f0-86e4-a2af-5aa73f81285b" executionId="c4eb6b9f-07ab-4559-8af8-fe38be2d7df7" testListId="8c84fa94-04c1-424b-9868-57a2d4851a1d" />
    <TestEntry testId="f3571a35-47f6-16a5-c22b-5f34bc7d4af3" executionId="d1131d93-8dd0-4027-98cb-cb768471db3f" testListId="8c84fa94-04c1-424b-9868-57a2d4851a1d" />
    <TestEntry testId="65019253-4cec-c8b2-3ec8-416aae74d6cc" executionId="c81efefd-2375-4615-836d-20ec5fb07397" testListId="8c84fa94-04c1-424b-9868-57a2d4851a1d" />
    <TestEntry testId="81257403-81c0-f6c4-85e8-5d10dd64e9b4" executionId="e7c5d8c2-c710-4bb1-8fde-d727c04cbf3f" testListId="8c84fa94-04c1-424b-9868-57a2d4851a1d" />
    <TestEntry testId="c4df52a1-9446-1204-07ba-0130c082f2c8" executionId="f4455fa4-d847-4bd1-831a-fa7201cd1fdc" testListId="8c84fa94-04c1-424b-9868-57a2d4851a1d" />
    <TestEntry testId="41236730-2d59-b7ac-56ba-d9e81dc027e2" executionId="719fcbc9-975a-41a6-80bd-51558d2b84d6" testListId="8c84fa94-04c1-424b-9868-57a2d4851a1d" />
    <TestEntry testId="667d5cd2-33da-24a8-995e-7fef06afb14d" executionId="0e66e15a-c383-4177-85d5-6914ba7e3890" testListId="8c84fa94-04c1-424b-9868-57a2d4851a1d" />
    <TestEntry testId="c368dab8-b97c-6420-a4a5-99dacacd96a0" executionId="6936c833-b4d9-432c-8ccc-e1884fd538c7" testListId="8c84fa94-04c1-424b-9868-57a2d4851a1d" />
    <TestEntry testId="4f8bde2a-11e9-cb53-726f-a289f5936545" executionId="824aa39d-f153-4df9-b3f6-dcda9f7885e0" testListId="8c84fa94-04c1-424b-9868-57a2d4851a1d" />
    <TestEntry testId="b842f5bd-51a6-2f3b-f425-1f93b3489e44" executionId="29d9e778-275b-4613-a4b2-1d91546563c4" testListId="8c84fa94-04c1-424b-9868-57a2d4851a1d" />
    <TestEntry testId="0873204f-3a3f-3a23-8595-967219a73d59" executionId="b01f1e84-0174-41c9-9b1d-099112de6379" testListId="8c84fa94-04c1-424b-9868-57a2d4851a1d" />
    <TestEntry testId="0c2891da-5438-30d8-9700-5e9ee29d8746" executionId="f1a81f82-815c-4994-af65-48a9ed2e6e7e" testListId="8c84fa94-04c1-424b-9868-57a2d4851a1d" />
    <TestEntry testId="8d611910-25c1-c807-3f3e-480fd70b5e4a" executionId="e90abb85-7e89-4f43-995a-4ae982f8d48f" testListId="8c84fa94-04c1-424b-9868-57a2d4851a1d" />
    <TestEntry testId="b13c7de4-ab04-45dc-733b-a3b48f2d6ee0" executionId="6b4355ec-5d4e-4881-b2f1-478186fce2b3" testListId="8c84fa94-04c1-424b-9868-57a2d4851a1d" />
    <TestEntry testId="1981b905-4431-c499-97bf-ca14c76377f6" executionId="75799efe-aef9-4357-b60b-eaeb41c17a69" testListId="8c84fa94-04c1-424b-9868-57a2d4851a1d" />
    <TestEntry testId="8df9cb48-79ba-9901-ff10-bc7e080365ee" executionId="42393f11-8a60-4faf-bf72-993b69c9e449" testListId="8c84fa94-04c1-424b-9868-57a2d4851a1d" />
    <TestEntry testId="12e0816d-3ad9-5423-f325-9f7e34fdc496" executionId="b20f8af1-07b6-44be-adea-e57ffee26f45" testListId="8c84fa94-04c1-424b-9868-57a2d4851a1d" />
    <TestEntry testId="7e61a71f-d68a-d75f-b083-005dc601d1b5" executionId="fff12b66-60ec-463f-b101-f75bf2846ffd" testListId="8c84fa94-04c1-424b-9868-57a2d4851a1d" />
    <TestEntry testId="ce45710c-8707-1fcf-b89a-78a8da2837aa" executionId="2250b5dd-1291-4e0a-9f53-8f12eab238ea" testListId="8c84fa94-04c1-424b-9868-57a2d4851a1d" />
    <TestEntry testId="37b0f393-558d-8d3f-0a03-6b7ab4026fa2" executionId="c5f57a5a-26d6-48ff-b77f-80aab6948767" testListId="8c84fa94-04c1-424b-9868-57a2d4851a1d" />
    <TestEntry testId="20045e58-8d13-5f5b-2d0c-b27537b84fd2" executionId="5fb71c69-887c-4774-adab-8558f1400c74" testListId="8c84fa94-04c1-424b-9868-57a2d4851a1d" />
    <TestEntry testId="2a0577ca-e1fc-dc07-9b2b-90993cca41dd" executionId="3bddaecb-44cd-4af6-9aec-5e26e3319848" testListId="8c84fa94-04c1-424b-9868-57a2d4851a1d" />
    <TestEntry testId="463fbdf8-0b5b-99f1-914f-0485db114bc8" executionId="d7f005b6-86f7-4c20-aaf4-f2fd6b73d2a0" testListId="8c84fa94-04c1-424b-9868-57a2d4851a1d" />
    <TestEntry testId="bfc68854-c136-6947-cbc7-07827c16c672" executionId="073c0049-954c-459a-a1c2-564587863e33" testListId="8c84fa94-04c1-424b-9868-57a2d4851a1d" />
    <TestEntry testId="5ac4fb08-6947-bb91-84d8-9d02c96789db" executionId="6d34b49d-8f87-4082-b185-5fd8dfc1060b" testListId="8c84fa94-04c1-424b-9868-57a2d4851a1d" />
    <TestEntry testId="54c3bb70-fa19-b4a3-8363-019dd450fe00" executionId="89591466-7105-4a14-8743-dd218c45d119" testListId="8c84fa94-04c1-424b-9868-57a2d4851a1d" />
    <TestEntry testId="ff0b28e6-d75a-6460-8816-e6bfa21b5281" executionId="c97e942d-8d6c-4ec1-89a3-9e3b00b46df0" testListId="8c84fa94-04c1-424b-9868-57a2d4851a1d" />
    <TestEntry testId="ea861092-78bf-e10c-4a29-2fa80e15bfa5" executionId="e943a779-824a-4caf-850f-dd5e5e5c973a" testListId="8c84fa94-04c1-424b-9868-57a2d4851a1d" />
    <TestEntry testId="493b8612-9cf4-92ad-601d-17c7a3869191" executionId="e31d231f-000a-4873-86cf-42ba57d19e60" testListId="8c84fa94-04c1-424b-9868-57a2d4851a1d" />
    <TestEntry testId="ad7128c5-4e05-02be-006e-be5e18b26060" executionId="8471f86a-bc9d-4817-a390-bcc3dac7479e" testListId="8c84fa94-04c1-424b-9868-57a2d4851a1d" />
    <TestEntry testId="2c9c14bf-44e7-cc0a-dbbe-68b845423661" executionId="5c732111-b0db-48d9-9a16-cf2040eab55c" testListId="8c84fa94-04c1-424b-9868-57a2d4851a1d" />
    <TestEntry testId="f5d76620-69c6-bc65-8880-0dec1de36d44" executionId="d1dc1c4f-8a1a-40a9-9f37-1b0f1144b2bd" testListId="8c84fa94-04c1-424b-9868-57a2d4851a1d" />
    <TestEntry testId="6c30a843-2a9f-926d-719a-9c71f65ffe60" executionId="18476258-086e-475b-a2bf-f6f7804a6061" testListId="8c84fa94-04c1-424b-9868-57a2d4851a1d" />
    <TestEntry testId="56d6382b-fbf8-9171-743b-122cd0e8ecae" executionId="b5d490e5-c972-471f-94a6-d06ef9000020" testListId="8c84fa94-04c1-424b-9868-57a2d4851a1d" />
    <TestEntry testId="af8c0825-be37-0e6a-d392-65543ff52409" executionId="fb00240a-20a2-4983-a770-2fd70a3f91a5" testListId="8c84fa94-04c1-424b-9868-57a2d4851a1d" />
    <TestEntry testId="58a3a9f2-a954-8001-fbd6-decb94fe0087" executionId="dc372d78-4fd6-4c7a-bc99-42b8febf1f4d" testListId="8c84fa94-04c1-424b-9868-57a2d4851a1d" />
    <TestEntry testId="6d94c419-a25a-30e2-ad05-4d5899d06d6a" executionId="1bf83562-151a-432e-833c-038ff6e6cf54" testListId="8c84fa94-04c1-424b-9868-57a2d4851a1d" />
    <TestEntry testId="a48edc67-dc4a-dd0c-92b8-3407abbd7c6f" executionId="593c3079-9465-49f1-85a6-d0d822d94d43" testListId="8c84fa94-04c1-424b-9868-57a2d4851a1d" />
    <TestEntry testId="12f5bd2c-06f0-9e63-2c50-dd4c74792c7d" executionId="6a7ae0e8-75e5-42e5-940e-d11a5d0d29e5" testListId="8c84fa94-04c1-424b-9868-57a2d4851a1d" />
    <TestEntry testId="d075a72c-b033-56ff-7c52-acda0c2738e7" executionId="f9274f23-0f77-425e-945c-0db4fe01f2f5" testListId="8c84fa94-04c1-424b-9868-57a2d4851a1d" />
    <TestEntry testId="bbf7edc4-a3f9-bb55-98a4-c6c9131bf10f" executionId="eb883ac0-bc54-40c7-8930-01215d01d49d" testListId="8c84fa94-04c1-424b-9868-57a2d4851a1d" />
    <TestEntry testId="ea1d188c-31f0-128b-1503-ef270b0302b8" executionId="a3e652ed-5172-488f-8b8c-20d6bef25a3d" testListId="8c84fa94-04c1-424b-9868-57a2d4851a1d" />
    <TestEntry testId="b6411ce4-4b35-ba02-bcec-9618f9b833db" executionId="3b0d746e-c623-46b7-956b-35f8420f6b91" testListId="8c84fa94-04c1-424b-9868-57a2d4851a1d" />
    <TestEntry testId="6f83b6e2-bcc3-f8cd-6714-bbf56c2f9dda" executionId="5e024b26-4796-4505-9fdc-6a6407940994" testListId="8c84fa94-04c1-424b-9868-57a2d4851a1d" />
    <TestEntry testId="221ccaea-4ccc-1eac-28bf-071d6d6525f8" executionId="82da0fdc-5392-4258-a266-b552ca1f18dc" testListId="8c84fa94-04c1-424b-9868-57a2d4851a1d" />
    <TestEntry testId="fe07cc41-1142-3fcf-5744-79efc3279dba" executionId="e2425097-db2a-4407-9118-a141d60369fb" testListId="8c84fa94-04c1-424b-9868-57a2d4851a1d" />
    <TestEntry testId="eafe4b44-823f-8100-dbfa-10c2ffb1ecef" executionId="f51aadd1-0f73-438e-909c-07fd2253a921" testListId="8c84fa94-04c1-424b-9868-57a2d4851a1d" />
    <TestEntry testId="54b5bc16-f99d-973d-965e-ab1b4dcab414" executionId="f932c880-1c51-4e45-8c74-53e5c1e93150" testListId="8c84fa94-04c1-424b-9868-57a2d4851a1d" />
    <TestEntry testId="2d93cace-30f8-6673-667d-e597234214a4" executionId="08e1416a-9119-44d0-bc6f-2bb493c7caf2" testListId="8c84fa94-04c1-424b-9868-57a2d4851a1d" />
    <TestEntry testId="b1cdcf8e-9695-4259-beaa-a7065f69af45" executionId="fa6d6fe3-8b2c-460a-bdc6-168e08d14429" testListId="8c84fa94-04c1-424b-9868-57a2d4851a1d" />
    <TestEntry testId="f049a1dd-22ff-f9c5-aa1c-a5b4a2f18844" executionId="475d1731-993b-4532-9350-cf4a8d8482c9" testListId="8c84fa94-04c1-424b-9868-57a2d4851a1d" />
    <TestEntry testId="fdd4e3db-1604-5423-5135-149832f648b9" executionId="21f311dd-8d02-401f-8071-c372a8f47cfa" testListId="8c84fa94-04c1-424b-9868-57a2d4851a1d" />
    <TestEntry testId="afbe9b72-8ae3-29dc-47f0-e2b8400cd35e" executionId="cd47ea67-f4ce-46ce-80ff-a1f59a362dc7" testListId="8c84fa94-04c1-424b-9868-57a2d4851a1d" />
    <TestEntry testId="4589d2e1-87d5-4dbe-7973-3ba44ee7041b" executionId="c78e735b-5fcd-4ca1-b594-db823c3e16f1" testListId="8c84fa94-04c1-424b-9868-57a2d4851a1d" />
    <TestEntry testId="1c1ba64f-edde-968b-47a2-ad3e84d48b00" executionId="c32d93f4-97dd-470b-9101-407d503d04f0" testListId="8c84fa94-04c1-424b-9868-57a2d4851a1d" />
    <TestEntry testId="43b40ec6-2add-8c01-f221-12f1bd577c5e" executionId="43a0f326-ea02-499d-8b77-7e4a6e3a2ff3" testListId="8c84fa94-04c1-424b-9868-57a2d4851a1d" />
    <TestEntry testId="85f98b99-acc6-c0f6-de46-6825dc43c611" executionId="833b6c43-7285-47aa-a9b8-79dab00449d2" testListId="8c84fa94-04c1-424b-9868-57a2d4851a1d" />
  </TestEntries>
  <TestLists>
    <TestList name="Results Not in a List" id="8c84fa94-04c1-424b-9868-57a2d4851a1d" />
    <TestList name="All Loaded Results" id="19431567-8539-422a-85d7-44ee4e166bda" />
  </TestLists>
  <ResultSummary outcome="Completed">
    <Counters total="255" executed="255" passed="255" failed="0" error="0" timeout="0" aborted="0" inconclusive="0" passedButRunAborted="0" notRunnable="0" notExecuted="0" disconnected="0" warning="0" completed="0" inProgress="0" pending="0" />
    <Output>
      <StdOut>[xUnit.net 00:00:00.00] xUnit.net VSTest Adapter v3.1.4+50e68bbb8b (64-bit .NET 10.0.9)&#xD;
[xUnit.net 00:00:00.17]   Discovering: EAxWiki.Tests&#xD;
[xUnit.net 00:00:00.32]   Discovered:  EAxWiki.Tests&#xD;
[xUnit.net 00:00:00.42]   Starting:    EAxWiki.Tests&#xD;
[xUnit.net 00:00:05.54]   Finished:    EAxWiki.Tests&#xD;
</StdOut>
    </Output>
  </ResultSummary>
</TestRun>